2019-11-19 10:13:49,452 [main] INFO DongfengCenterApplication:50 - Starting DongfengCenterApplication on bogon with PID 21296 (/Users/simbahjf/IdeaProjects/dongfeng/dongfeng-center/target/classes started by simbahjf in /Users/simbahjf/IdeaProjects/dongfeng)
2019-11-19 10:13:49,463 [main] INFO DongfengCenterApplication:647 - No active profile set, falling back to default profiles: default
2019-11-19 10:13:50,311 [main] INFO RepositoryConfigurationDelegate:244 - Multiple Spring Data modules found, entering strict repository configuration mode!
2019-11-19 10:13:50,317 [main] INFO RepositoryConfigurationDelegate:126 - Bootstrapping Spring Data repositories in DEFAULT mode.
2019-11-19 10:13:50,355 [main] INFO RepositoryConfigurationDelegate:182 - Finished Spring Data repository scanning in 21ms. Found 0 repository interfaces.
2019-11-19 10:13:50,725 [main] INFO PostProcessorRegistrationDelegate$BeanPostProcessorChecker:330 - Bean 'org.springframework.transaction.annotation.ProxyTransactionManagementConfiguration' of type [org.springframework.transaction.annotation.ProxyTransactionManagementConfiguration$$EnhancerBySpringCGLIB$$514dbb0a] is not eligible for getting processed by all BeanPostProcessors (for example: not eligible for auto-proxying)
2019-11-19 10:13:50,974 [main] INFO TomcatWebServer:90 - Tomcat initialized with port(s): 8080 (http)
2019-11-19 10:13:50,986 [main] INFO Http11NioProtocol:173 - Initializing ProtocolHandler ["http-nio-8080"]
2019-11-19 10:13:50,995 [main] INFO StandardService:173 - Starting service [Tomcat]
2019-11-19 10:13:50,996 [main] INFO StandardEngine:173 - Starting Servlet engine: [Apache Tomcat/9.0.22]
2019-11-19 10:13:51,095 [main] INFO [/dongfeng]:173 - Initializing Spring embedded WebApplicationContext
2019-11-19 10:13:51,095 [main] INFO ContextLoader:284 - Root WebApplicationContext: initialization completed in 1558 ms
2019-11-19 10:13:51,180 [main] INFO EnvDbWolfConfig:120 - DBWOLF_MODE dev is false
2019-11-19 10:13:51,197 [main] INFO DbAgent:86 - db agent connect to zk-sever 192.168.1.37:2181
2019-11-19 10:13:51,201 [ZKClient-EventThread-28-192.168.1.37:2181] INFO EventThread:27 - start zk-event thread
2019-11-19 10:13:51,207 [main] INFO ZooKeeper:100 - Client environment:zookeeper.version=3.4.5-1392090, built on 09/30/2012 17:52 GMT
2019-11-19 10:13:51,208 [main] INFO ZooKeeper:100 - Client environment:host.name=bogon
2019-11-19 10:13:51,209 [main] INFO ZooKeeper:100 - Client environment:java.version=1.8.0_201
2019-11-19 10:13:51,210 [main] INFO ZooKeeper:100 - Client environment:java.vendor=Oracle Corporation
2019-11-19 10:13:51,210 [main] INFO ZooKeeper:100 - Client environment:java.home=/Library/Java/JavaVirtualMachines/jdk1.8.0_201.jdk/Contents/Home/jre
2019-11-19 10:13:51,210 [main] INFO ZooKeeper:100 - Client environment:java.class.path=/Library/Java/JavaVirtualMachines/jdk1.8.0_201.jdk/Contents/Home/jre/lib/charsets.jar:/Library/Java/JavaVirtualMachines/jdk1.8.0_201.jdk/Contents/Home/jre/lib/deploy.jar:/Library/Java/JavaVirtualMachines/jdk1.8.0_201.jdk/Contents/Home/jre/lib/ext/cldrdata.jar:/Library/Java/JavaVirtualMachines/jdk1.8.0_201.jdk/Contents/Home/jre/lib/ext/dnsns.jar:/Library/Java/JavaVirtualMachines/jdk1.8.0_201.jdk/Contents/Home/jre/lib/ext/jaccess.jar:/Library/Java/JavaVirtualMachines/jdk1.8.0_201.jdk/Contents/Home/jre/lib/ext/jfxrt.jar:/Library/Java/JavaVirtualMachines/jdk1.8.0_201.jdk/Contents/Home/jre/lib/ext/localedata.jar:/Library/Java/JavaVirtualMachines/jdk1.8.0_201.jdk/Contents/Home/jre/lib/ext/nashorn.jar:/Library/Java/JavaVirtualMachines/jdk1.8.0_201.jdk/Contents/Home/jre/lib/ext/sunec.jar:/Library/Java/JavaVirtualMachines/jdk1.8.0_201.jdk/Contents/Home/jre/lib/ext/sunjce_provider.jar:/Library/Java/JavaVirtualMachines/jdk1.8.0_201.jdk/Contents/Home/jre/lib/ext/sunpkcs11.jar:/Library/Java/JavaVirtualMachines/jdk1.8.0_201.jdk/Contents/Home/jre/lib/ext/zipfs.jar:/Library/Java/JavaVirtualMachines/jdk1.8.0_201.jdk/Contents/Home/jre/lib/javaws.jar:/Library/Java/JavaVirtualMachines/jdk1.8.0_201.jdk/Contents/Home/jre/lib/jce.jar:/Library/Java/JavaVirtualMachines/jdk1.8.0_201.jdk/Contents/Home/jre/lib/jfr.jar:/Library/Java/JavaVirtualMachines/jdk1.8.0_201.jdk/Contents/Home/jre/lib/jfxswt.jar:/Library/Java/JavaVirtualMachines/jdk1.8.0_201.jdk/Contents/Home/jre/lib/jsse.jar:/Library/Java/JavaVirtualMachines/jdk1.8.0_201.jdk/Contents/Home/jre/lib/management-agent.jar:/Library/Java/JavaVirtualMachines/jdk1.8.0_201.jdk/Contents/Home/jre/lib/plugin.jar:/Library/Java/JavaVirtualMachines/jdk1.8.0_201.jdk/Contents/Home/jre/lib/resources.jar:/Library/Java/JavaVirtualMachines/jdk1.8.0_201.jdk/Contents/Home/jre/lib/rt.jar:/Library/Java/JavaVirtualMachines/jdk1.8.0_201.jdk/Contents/Home/lib/ant-javafx.jar:/Library/Java/JavaVirtualMachines/jdk1.8.0_201.jdk/Contents/Home/lib/dt.jar:/Library/Java/JavaVirtualMachines/jdk1.8.0_201.jdk/Contents/Home/lib/javafx-mx.jar:/Library/Java/JavaVirtualMachines/jdk1.8.0_201.jdk/Contents/Home/lib/jconsole.jar:/Library/Java/JavaVirtualMachines/jdk1.8.0_201.jdk/Contents/Home/lib/packager.jar:/Library/Java/JavaVirtualMachines/jdk1.8.0_201.jdk/Contents/Home/lib/sa-jdi.jar:/Library/Java/JavaVirtualMachines/jdk1.8.0_201.jdk/Contents/Home/lib/tools.jar:/Users/simbahjf/IdeaProjects/dongfeng/dongfeng-center/target/classes:/Users/simbahjf/mavenRepo/org/springframework/boot/spring-boot-starter-web/2.1.7.RELEASE/spring-boot-starter-web-2.1.7.RELEASE.jar:/Users/simbahjf/mavenRepo/org/springframework/boot/spring-boot-starter/2.1.7.RELEASE/spring-boot-starter-2.1.7.RELEASE.jar:/Users/simbahjf/mavenRepo/org/springframework/boot/spring-boot/2.1.7.RELEASE/spring-boot-2.1.7.RELEASE.jar:/Users/simbahjf/mavenRepo/org/springframework/boot/spring-boot-autoconfigure/2.1.7.RELEASE/spring-boot-autoconfigure-2.1.7.RELEASE.jar:/Users/simbahjf/mavenRepo/org/springframework/boot/spring-boot-starter-logging/2.1.7.RELEASE/spring-boot-starter-logging-2.1.7.RELEASE.jar:/Users/simbahjf/mavenRepo/org/apache/logging/log4j/log4j-to-slf4j/2.11.2/log4j-to-slf4j-2.11.2.jar:/Users/simbahjf/mavenRepo/org/apache/logging/log4j/log4j-api/2.11.2/log4j-api-2.11.2.jar:/Users/simbahjf/mavenRepo/org/slf4j/jul-to-slf4j/1.7.26/jul-to-slf4j-1.7.26.jar:/Users/simbahjf/mavenRepo/javax/annotation/javax.annotation-api/1.3.2/javax.annotation-api-1.3.2.jar:/Users/simbahjf/mavenRepo/org/yaml/snakeyaml/1.23/snakeyaml-1.23.jar:/Users/simbahjf/mavenRepo/org/springframework/boot/spring-boot-starter-json/2.1.7.RELEASE/spring-boot-starter-json-2.1.7.RELEASE.jar:/Users/simbahjf/mavenRepo/com/fasterxml/jackson/core/jackson-databind/2.9.9/jackson-databind-2.9.9.jar:/Users/simbahjf/mavenRepo/com/fasterxml/jackson/core/jackson-annotations/2.9.0/jackson-annotations-2.9.0.jar:/Users/simbahjf/mavenRepo/com/fasterxml/jackson/core/jackson-core/2.9.9/jackson-core-2.9.9.jar:/Users/simbahjf/mavenRepo/com/fasterxml/jackson/datatype/jackson-datatype-jdk8/2.9.9/jackson-datatype-jdk8-2.9.9.jar:/Users/simbahjf/mavenRepo/com/fasterxml/jackson/datatype/jackson-datatype-jsr310/2.9.9/jackson-datatype-jsr310-2.9.9.jar:/Users/simbahjf/mavenRepo/com/fasterxml/jackson/module/jackson-module-parameter-names/2.9.9/jackson-module-parameter-names-2.9.9.jar:/Users/simbahjf/mavenRepo/org/springframework/boot/spring-boot-starter-tomcat/2.1.7.RELEASE/spring-boot-starter-tomcat-2.1.7.RELEASE.jar:/Users/simbahjf/mavenRepo/org/apache/tomcat/embed/tomcat-embed-core/9.0.22/tomcat-embed-core-9.0.22.jar:/Users/simbahjf/mavenRepo/org/apache/tomcat/embed/tomcat-embed-el/9.0.22/tomcat-embed-el-9.0.22.jar:/Users/simbahjf/mavenRepo/org/apache/tomcat/embed/tomcat-embed-websocket/9.0.22/tomcat-embed-websocket-9.0.22.jar:/Users/simbahjf/mavenRepo/org/hibernate/validator/hibernate-validator/6.0.17.Final/hibernate-validator-6.0.17.Final.jar:/Users/simbahjf/mavenRepo/javax/validation/validation-api/2.0.1.Final/validation-api-2.0.1.Final.jar:/Users/simbahjf/mavenRepo/org/jboss/logging/jboss-logging/3.3.2.Final/jboss-logging-3.3.2.Final.jar:/Users/simbahjf/mavenRepo/com/fasterxml/classmate/1.4.0/classmate-1.4.0.jar:/Users/simbahjf/mavenRepo/org/springframework/spring-web/5.1.9.RELEASE/spring-web-5.1.9.RELEASE.jar:/Users/simbahjf/mavenRepo/org/springframework/spring-beans/5.1.9.RELEASE/spring-beans-5.1.9.RELEASE.jar:/Users/simbahjf/mavenRepo/org/springframework/spring-webmvc/5.1.9.RELEASE/spring-webmvc-5.1.9.RELEASE.jar:/Users/simbahjf/mavenRepo/org/springframework/spring-aop/5.1.9.RELEASE/spring-aop-5.1.9.RELEASE.jar:/Users/simbahjf/mavenRepo/org/springframework/spring-context/5.1.9.RELEASE/spring-context-5.1.9.RELEASE.jar:/Users/simbahjf/mavenRepo/org/springframework/spring-expression/5.1.9.RELEASE/spring-expression-5.1.9.RELEASE.jar:/Users/simbahjf/mavenRepo/junit/junit/4.12/junit-4.12.jar:/Users/simbahjf/mavenRepo/org/hamcrest/hamcrest-core/1.3/hamcrest-core-1.3.jar:/Users/simbahjf/mavenRepo/org/springframework/spring-core/5.1.9.RELEASE/spring-core-5.1.9.RELEASE.jar:/Users/simbahjf/mavenRepo/org/springframework/spring-jcl/5.1.9.RELEASE/spring-jcl-5.1.9.RELEASE.jar:/Users/simbahjf/mavenRepo/org/springframework/spring-test/5.1.9.RELEASE/spring-test-5.1.9.RELEASE.jar:/Users/simbahjf/mavenRepo/org/springframework/boot/spring-boot-starter-freemarker/2.1.7.RELEASE/spring-boot-starter-freemarker-2.1.7.RELEASE.jar:/Users/simbahjf/mavenRepo/org/freemarker/freemarker/2.3.28/freemarker-2.3.28.jar:/Users/simbahjf/mavenRepo/org/springframework/spring-context-support/5.1.9.RELEASE/spring-context-support-5.1.9.RELEASE.jar:/Users/simbahjf/mavenRepo/org/mybatis/spring/boot/mybatis-spring-boot-starter/2.1.0/mybatis-spring-boot-starter-2.1.0.jar:/Users/simbahjf/mavenRepo/org/springframework/boot/spring-boot-starter-jdbc/2.1.7.RELEASE/spring-boot-starter-jdbc-2.1.7.RELEASE.jar:/Users/simbahjf/mavenRepo/com/zaxxer/HikariCP/3.2.0/HikariCP-3.2.0.jar:/Users/simbahjf/mavenRepo/org/springframework/spring-jdbc/5.1.9.RELEASE/spring-jdbc-5.1.9.RELEASE.jar:/Users/simbahjf/mavenRepo/org/mybatis/spring/boot/mybatis-spring-boot-autoconfigure/2.1.0/mybatis-spring-boot-autoconfigure-2.1.0.jar:/Users/simbahjf/mavenRepo/org/mybatis/mybatis/3.5.2/mybatis-3.5.2.jar:/Users/simbahjf/mavenRepo/org/mybatis/mybatis-spring/2.0.2/mybatis-spring-2.0.2.jar:/Users/simbahjf/mavenRepo/mysql/mysql-connector-java/8.0.17/mysql-connector-java-8.0.17.jar:/Users/simbahjf/mavenRepo/com/alibaba/druid/1.1.19/druid-1.1.19.jar:/Users/simbahjf/IdeaProjects/dongfeng/dongfeng-common/target/classes:/Users/simbahjf/mavenRepo/org/slf4j/slf4j-api/1.7.26/slf4j-api-1.7.26.jar:/Users/simbahjf/mavenRepo/org/apache/httpcomponents/httpclient/4.5.9/httpclient-4.5.9.jar:/Users/simbahjf/mavenRepo/org/apache/httpcomponents/httpcore/4.4.11/httpcore-4.4.11.jar:/Users/simbahjf/mavenRepo/commons-codec/commons-codec/1.11/commons-codec-1.11.jar:/Users/simbahjf/mavenRepo/com/alibaba/fastjson/1.2.59/fastjson-1.2.59.jar:/Users/simbahjf/mavenRepo/org/apache/commons/commons-collections4/4.4/commons-collections4-4.4.jar:/Users/simbahjf/mavenRepo/com/github/pagehelper/pagehelper-spring-boot-starter/1.2.12/pagehelper-spring-boot-starter-1.2.12.jar:/Users/simbahjf/mavenRepo/com/github/pagehelper/pagehelper-spring-boot-autoconfigure/1.2.12/pagehelper-spring-boot-autoconfigure-1.2.12.jar:/Users/simbahjf/mavenRepo/com/github/pagehelper/pagehelper/5.1.10/pagehelper-5.1.10.jar:/Users/simbahjf/mavenRepo/com/github/jsqlparser/jsqlparser/2.0/jsqlparser-2.0.jar:/Users/simbahjf/mavenRepo/org/springframework/boot/spring-boot-starter-data-redis/2.1.7.RELEASE/spring-boot-starter-data-redis-2.1.7.RELEASE.jar:/Users/simbahjf/mavenRepo/org/springframework/data/spring-data-redis/2.1.10.RELEASE/spring-data-redis-2.1.10.RELEASE.jar:/Users/simbahjf/mavenRepo/org/springframework/data/spring-data-keyvalue/2.1.10.RELEASE/spring-data-keyvalue-2.1.10.RELEASE.jar:/Users/simbahjf/mavenRepo/org/springframework/data/spring-data-commons/2.1.10.RELEASE/spring-data-commons-2.1.10.RELEASE.jar:/Users/simbahjf/mavenRepo/org/springframework/spring-tx/5.1.9.RELEASE/spring-tx-5.1.9.RELEASE.jar:/Users/simbahjf/mavenRepo/org/springframework/spring-oxm/5.1.9.RELEASE/spring-oxm-5.1.9.RELEASE.jar:/Users/simbahjf/mavenRepo/io/lettuce/lettuce-core/5.1.8.RELEASE/lettuce-core-5.1.8.RELEASE.jar:/Users/simbahjf/mavenRepo/io/netty/netty-common/4.1.38.Final/netty-common-4.1.38.Final.jar:/Users/simbahjf/mavenRepo/io/netty/netty-handler/4.1.38.Final/netty-handler-4.1.38.Final.jar:/Users/simbahjf/mavenRepo/io/netty/netty-buffer/4.1.38.Final/netty-buffer-4.1.38.Final.jar:/Users/simbahjf/mavenRepo/io/netty/netty-codec/4.1.38.Final/netty-codec-4.1.38.Final.jar:/Users/simbahjf/mavenRepo/io/netty/netty-transport/4.1.38.Final/netty-transport-4.1.38.Final.jar:/Users/simbahjf/mavenRepo/io/netty/netty-resolver/4.1.38.Final/netty-resolver-4.1.38.Final.jar:/Users/simbahjf/mavenRepo/io/projectreactor/reactor-core/3.2.11.RELEASE/reactor-core-3.2.11.RELEASE.jar:/Users/simbahjf/mavenRepo/org/reactivestreams/reactive-streams/1.0.2/reactive-streams-1.0.2.jar:/Users/simbahjf/mavenRepo/org/apache/commons/commons-pool2/2.7.0/commons-pool2-2.7.0.jar:/Users/simbahjf/mavenRepo/com/bosszhipin/data-common/7.43/data-common-7.43.jar:/Users/simbahjf/mavenRepo/com/google/guava/guava/19.0/guava-19.0.jar:/Users/simbahjf/mavenRepo/ch/qos/logback/logback-classic/1.2.3/logback-classic-1.2.3.jar:/Users/simbahjf/mavenRepo/ch/qos/logback/logback-core/1.2.3/logback-core-1.2.3.jar:/Users/simbahjf/mavenRepo/com/bosszhipin/zp-client/6.32/zp-client-6.32.jar:/Users/simbahjf/mavenRepo/org/apache/thrift/libthrift/0.11.0/libthrift-0.11.0.jar:/Users/simbahjf/mavenRepo/args4j/args4j/2.0.26/args4j-2.0.26.jar:/Users/simbahjf/mavenRepo/com/bosszp/dbcp/1.05/dbcp-1.05.jar:/Users/simbahjf/mavenRepo/redis/clients/jedis/2.9.3/jedis-2.9.3.jar:/Users/simbahjf/mavenRepo/org/apache/lucene/lucene-core/7.1.0/lucene-core-7.1.0.jar:/Users/simbahjf/mavenRepo/org/apache/lucene/lucene-analyzers-common/7.1.0/lucene-analyzers-common-7.1.0.jar:/Users/simbahjf/mavenRepo/org/apache/lucene/lucene-queries/7.1.0/lucene-queries-7.1.0.jar:/Users/simbahjf/mavenRepo/com/google/code/gson/gson/2.8.5/gson-2.8.5.jar:/Users/simbahjf/mavenRepo/org/apache/lucene/lucene-highlighter/7.1.0/lucene-highlighter-7.1.0.jar:/Users/simbahjf/mavenRepo/org/apache/lucene/lucene-join/7.1.0/lucene-join-7.1.0.jar:/Users/simbahjf/mavenRepo/org/apache/lucene/lucene-memory/7.1.0/lucene-memory-7.1.0.jar:/Users/simbahjf/mavenRepo/org/apache/lucene/lucene-queryparser/7.1.0/lucene-queryparser-7.1.0.jar:/Users/simbahjf/mavenRepo/org/apache/lucene/lucene-sandbox/7.1.0/lucene-sandbox-7.1.0.jar:/Users/simbahjf/mavenRepo/cn/techwolf/techwolf-dbwolf-datasource4jade/2.1.46/techwolf-dbwolf-datasource4jade-2.1.46.jar:/Users/simbahjf/mavenRepo/cn/techwolf/techwolf-dbwolf-client/2.1.46/techwolf-dbwolf-client-2.1.46.jar:/Users/simbahjf/mavenRepo/cn/techwolf/techwolf-dbwolf-xml/2.1.46/techwolf-dbwolf-xml-2.1.46.jar:/Users/simbahjf/mavenRepo/dom4j/dom4j/1.6.1/dom4j-1.6.1.jar:/Users/simbahjf/mavenRepo/xml-apis/xml-apis/1.4.01/xml-apis-1.4.01.jar:/Users/simbahjf/mavenRepo/cn/techwolf/techwolf-dbwolf-zookeeper/2.1.46/techwolf-dbwolf-zookeeper-2.1.46.jar:/Users/simbahjf/mavenRepo/org/apache/zookeeper/zookeeper/3.4.5/zookeeper-3.4.5.jar:/Users/simbahjf/mavenRepo/org/slf4j/slf4j-log4j12/1.7.26/slf4j-log4j12-1.7.26.jar:/Users/simbahjf/mavenRepo/jline/jline/0.9.94/jline-0.9.94.jar:/Users/simbahjf/mavenRepo/org/jboss/netty/netty/3.2.2.Final/netty-3.2.2.Final.jar:/Users/simbahjf/mavenRepo/commons-dbcp/commons-dbcp/1.4/commons-dbcp-1.4.jar:/Users/simbahjf/mavenRepo/commons-pool/commons-pool/1.6/commons-pool-1.6.jar:/Users/simbahjf/mavenRepo/commons-configuration/commons-configuration/1.7/commons-configuration-1.7.jar:/Users/simbahjf/mavenRepo/commons-digester/commons-digester/1.8.1/commons-digester-1.8.1.jar:/Users/simbahjf/mavenRepo/commons-beanutils/commons-beanutils/1.8.3/commons-beanutils-1.8.3.jar:/Users/simbahjf/mavenRepo/cn/techwolf/techwolf-dbwolf-jade/2.1.46/techwolf-dbwolf-jade-2.1.46.jar:/Users/simbahjf/mavenRepo/commons-jexl/commons-jexl/1.1/commons-jexl-1.1.jar:/Users/simbahjf/mavenRepo/commons-lang/commons-lang/2.4/commons-lang-2.4.jar:/Users/simbahjf/mavenRepo/commons-collections/commons-collections/3.2.1/commons-collections-3.2.1.jar:/Users/simbahjf/mavenRepo/commons-logging/commons-logging/1.1.1/commons-logging-1.1.1.jar:/Users/simbahjf/mavenRepo/postgresql/postgresql/8.3-603.jdbc4/postgresql-8.3-603.jdbc4.jar:/Users/simbahjf/mavenRepo/log4j/log4j/1.2.16/log4j-1.2.16.jar:/Users/simbahjf/mavenRepo/com/github/shyiko/mysql-binlog-connector-java/0.17.0/mysql-binlog-connector-java-0.17.0.jar:/Users/simbahjf/mavenRepo/com/zhipin/bean/1.09/bean-1.09.jar:/Users/simbahjf/mavenRepo/com/github/jbellis/jamm/0.3.3/jamm-0.3.3.jar:/Users/simbahjf/mavenRepo/org/apache/commons/commons-lang3/3.9/commons-lang3-3.9.jar:/Applications/IntelliJ IDEA.app/Contents/lib/idea_rt.jar
2019-11-19 10:13:51,212 [main] INFO ZooKeeper:100 - Client environment:java.library.path=/Users/simbahjf/Library/Java/Extensions:/Library/Java/Extensions:/Network/Library/Java/Extensions:/System/Library/Java/Extensions:/usr/lib/java:.
2019-11-19 10:13:51,213 [main] INFO ZooKeeper:100 - Client environment:java.io.tmpdir=/var/folders/6n/8n1fw9x51051m8fjr0x8v7mm0000gn/T/
2019-11-19 10:13:51,213 [main] INFO ZooKeeper:100 - Client environment:java.compiler=<NA>
2019-11-19 10:13:51,214 [main] INFO ZooKeeper:100 - Client environment:os.name=Mac OS X
2019-11-19 10:13:51,215 [main] INFO ZooKeeper:100 - Client environment:os.arch=x86_64
2019-11-19 10:13:51,215 [main] INFO ZooKeeper:100 - Client environment:os.version=10.14.3
2019-11-19 10:13:51,215 [main] INFO ZooKeeper:100 - Client environment:user.name=simbahjf
2019-11-19 10:13:51,216 [main] INFO ZooKeeper:100 - Client environment:user.home=/Users/simbahjf
2019-11-19 10:13:51,216 [main] INFO ZooKeeper:100 - Client environment:user.dir=/Users/simbahjf/IdeaProjects/dongfeng
2019-11-19 10:13:51,217 [main] INFO ZooKeeper:438 - Initiating client connection, connectString=192.168.1.37:2181 sessionTimeout=30000 watcher=cn.techwolf.dbwolf.zookeeper.ZKClient@1ddd3478
2019-11-19 10:13:51,251 [main-SendThread(192.168.1.37:2181)] INFO ClientCnxn:966 - Opening socket connection to server 192.168.1.37/192.168.1.37:2181. Will not attempt to authenticate using SASL (unknown error)
2019-11-19 10:13:51,289 [main-SendThread(192.168.1.37:2181)] INFO ClientCnxn:849 - Socket connection established to 192.168.1.37/192.168.1.37:2181, initiating session
2019-11-19 10:13:51,301 [main-SendThread(192.168.1.37:2181)] INFO ClientCnxn:1207 - Session establishment complete on server 192.168.1.37/192.168.1.37:2181, sessionid = 0x16e5b837a540919, negotiated timeout = 30000
2019-11-19 10:13:51,916 [ExpireLogClearHelper#expireLogClearThread] INFO ScheduleServiceFacade:372 - delete expiredDagLog,timeLine:2019-11-16 10:13:51.916
2019-11-19 10:13:52,129 [main] INFO ThreadPoolTaskExecutor:171 - Initializing ExecutorService 'applicationTaskExecutor'
2019-11-19 10:13:52,205 [main] INFO WelcomePageHandlerMapping:58 - Adding welcome page template: index
2019-11-19 10:13:52,599 [main] INFO Http11NioProtocol:173 - Starting ProtocolHandler ["http-nio-8080"]
2019-11-19 10:13:52,617 [main] INFO TomcatWebServer:202 - Tomcat started on port(s): 8080 (http) with context path '/dongfeng'
2019-11-19 10:13:52,620 [main] INFO DongfengCenterApplication:59 - Started DongfengCenterApplication in 4.049 seconds (JVM running for 4.8)
2019-11-19 10:13:53,044 [ExpireLogClearHelper#expireLogClearThread] INFO JdbcDsFactoryManager:69 -  use [ cn.techwolf.dbwolf.client.ds.DefaultJdbcDataSourceFactory] as default datasource factory
2019-11-19 10:13:53,464 [ExpireLogClearHelper#expireLogClearThread] INFO DruidDataSource:1003 - {dataSource-1} inited
2019-11-19 10:13:54,087 [DagFetchHelper#dagFetchThread] INFO ScheduleServiceFacade:69 - fetch时间:2019年11月19日10时13分54秒
2019-11-19 10:13:54,189 [DagFetchHelper#dagFetchThread] INFO ScheduleServiceFacade:69 - fetch时间:2019年11月19日10时13分54秒
2019-11-19 10:13:54,264 [DagFetchHelper#dagFetchThread] INFO ScheduleServiceFacade:69 - fetch时间:2019年11月19日10时13分54秒
2019-11-19 10:13:54,356 [DagFetchHelper#dagFetchThread] INFO ScheduleServiceFacade:69 - fetch时间:2019年11月19日10时13分54秒
2019-11-19 10:13:54,418 [DagFetchHelper#dagFetchThread] INFO ScheduleServiceFacade:69 - fetch时间:2019年11月19日10时13分54秒
2019-11-19 10:13:54,525 [DagFetchHelper#dagFetchThread] INFO ScheduleServiceFacade:69 - fetch时间:2019年11月19日10时13分54秒
2019-11-19 10:13:54,606 [DagFetchHelper#dagFetchThread] INFO ScheduleServiceFacade:69 - fetch时间:2019年11月19日10时13分54秒
2019-11-19 10:13:54,676 [DagFetchHelper#dagFetchThread] INFO ScheduleServiceFacade:69 - fetch时间:2019年11月19日10时13分54秒
2019-11-19 10:13:54,766 [DagFetchHelper#dagFetchThread] INFO ScheduleServiceFacade:69 - fetch时间:2019年11月19日10时13分54秒
2019-11-19 10:13:54,855 [DagFetchHelper#dagFetchThread] INFO ScheduleServiceFacade:69 - fetch时间:2019年11月19日10时13分54秒
2019-11-19 10:13:54,921 [DagFetchHelper#dagFetchThread] INFO ScheduleServiceFacade:69 - fetch时间:2019年11月19日10时13分54秒
2019-11-19 10:13:55,022 [DagFetchHelper#dagFetchThread] INFO ScheduleServiceFacade:69 - fetch时间:2019年11月19日10时13分55秒
2019-11-19 10:13:55,118 [DagFetchHelper#dagFetchThread] INFO ScheduleServiceFacade:69 - fetch时间:2019年11月19日10时13分55秒
2019-11-19 10:13:55,236 [DagFetchHelper#dagFetchThread] INFO ScheduleServiceFacade:69 - fetch时间:2019年11月19日10时13分55秒
2019-11-19 10:13:55,304 [DagFetchHelper#dagFetchThread] INFO ScheduleServiceFacade:69 - fetch时间:2019年11月19日10时13分55秒
2019-11-19 10:13:55,385 [DagFetchHelper#dagFetchThread] INFO ScheduleServiceFacade:69 - fetch时间:2019年11月19日10时13分55秒
2019-11-19 10:13:55,505 [DagFetchHelper#dagFetchThread] INFO ScheduleServiceFacade:69 - fetch时间:2019年11月19日10时13分55秒
2019-11-19 10:13:55,615 [DagFetchHelper#dagFetchThread] INFO ScheduleServiceFacade:69 - fetch时间:2019年11月19日10时13分55秒
2019-11-19 10:13:55,681 [DagFetchHelper#dagFetchThread] INFO ScheduleServiceFacade:69 - fetch时间:2019年11月19日10时13分55秒
2019-11-19 10:13:55,776 [DagFetchHelper#dagFetchThread] INFO ScheduleServiceFacade:69 - fetch时间:2019年11月19日10时13分55秒
2019-11-19 10:13:55,845 [DagFetchHelper#dagFetchThread] INFO ScheduleServiceFacade:69 - fetch时间:2019年11月19日10时13分55秒
2019-11-19 10:13:55,869 [DagFetchHelper#dagFetchThread] INFO ScheduleServiceFacade:69 - fetch时间:2019年11月19日10时13分55秒
2019-11-19 10:13:55,888 [DagFetchHelper#dagFetchThread] INFO ScheduleServiceFacade:69 - fetch时间:2019年11月19日10时13分55秒
2019-11-19 10:13:55,903 [DagFetchHelper#dagFetchThread] INFO ScheduleServiceFacade:69 - fetch时间:2019年11月19日10时13分55秒
2019-11-19 10:13:55,921 [DagFetchHelper#dagFetchThread] INFO ScheduleServiceFacade:69 - fetch时间:2019年11月19日10时13分55秒
2019-11-19 10:13:55,938 [DagFetchHelper#dagFetchThread] INFO ScheduleServiceFacade:69 - fetch时间:2019年11月19日10时13分55秒
2019-11-19 10:13:55,993 [DagFetchHelper#dagFetchThread] INFO ScheduleServiceFacade:69 - fetch时间:2019年11月19日10时13分55秒
2019-11-19 10:13:56,063 [DagFetchHelper#dagFetchThread] INFO ScheduleServiceFacade:69 - fetch时间:2019年11月19日10时13分56秒
2019-11-19 10:13:56,125 [DagFetchHelper#dagFetchThread] INFO ScheduleServiceFacade:69 - fetch时间:2019年11月19日10时13分56秒
2019-11-19 10:13:56,215 [DagFetchHelper#dagFetchThread] INFO ScheduleServiceFacade:69 - fetch时间:2019年11月19日10时13分56秒
2019-11-19 10:13:56,295 [DagFetchHelper#dagFetchThread] INFO ScheduleServiceFacade:69 - fetch时间:2019年11月19日10时13分56秒
2019-11-19 10:13:56,388 [DagFetchHelper#dagFetchThread] INFO ScheduleServiceFacade:69 - fetch时间:2019年11月19日10时13分56秒
2019-11-19 10:13:56,464 [DagFetchHelper#dagFetchThread] INFO ScheduleServiceFacade:69 - fetch时间:2019年11月19日10时13分56秒
2019-11-19 10:13:56,553 [DagFetchHelper#dagFetchThread] INFO ScheduleServiceFacade:69 - fetch时间:2019年11月19日10时13分56秒
2019-11-19 10:13:56,645 [DagFetchHelper#dagFetchThread] INFO ScheduleServiceFacade:69 - fetch时间:2019年11月19日10时13分56秒
2019-11-19 10:13:56,689 [DagFetchHelper#dagFetchThread] INFO ScheduleServiceFacade:69 - fetch时间:2019年11月19日10时13分56秒
2019-11-19 10:13:56,713 [DagFetchHelper#dagFetchThread] INFO ScheduleServiceFacade:69 - fetch时间:2019年11月19日10时13分56秒
2019-11-19 10:13:56,725 [DagFetchHelper#dagFetchThread] INFO ScheduleServiceFacade:69 - fetch时间:2019年11月19日10时13分56秒
2019-11-19 10:13:56,741 [DagFetchHelper#dagFetchThread] INFO ScheduleServiceFacade:69 - fetch时间:2019年11月19日10时13分56秒
2019-11-19 10:13:56,762 [DagFetchHelper#dagFetchThread] INFO ScheduleServiceFacade:69 - fetch时间:2019年11月19日10时13分56秒
2019-11-19 10:13:56,780 [DagFetchHelper#dagFetchThread] INFO ScheduleServiceFacade:69 - fetch时间:2019年11月19日10时13分56秒
2019-11-19 10:13:56,800 [DagFetchHelper#dagFetchThread] INFO ScheduleServiceFacade:69 - fetch时间:2019年11月19日10时13分56秒
2019-11-19 10:13:56,813 [DagFetchHelper#dagFetchThread] INFO ScheduleServiceFacade:69 - fetch时间:2019年11月19日10时13分56秒
2019-11-19 10:13:56,841 [DagFetchHelper#dagFetchThread] INFO ScheduleServiceFacade:69 - fetch时间:2019年11月19日10时13分56秒
2019-11-19 10:13:56,966 [DagFetchHelper#dagFetchThread] INFO ScheduleServiceFacade:69 - fetch时间:2019年11月19日10时13分56秒
2019-11-19 10:13:57,055 [DagFetchHelper#dagFetchThread] INFO ScheduleServiceFacade:69 - fetch时间:2019年11月19日10时13分57秒
2019-11-19 10:13:57,144 [DagFetchHelper#dagFetchThread] INFO ScheduleServiceFacade:69 - fetch时间:2019年11月19日10时13分57秒
2019-11-19 10:13:57,235 [DagFetchHelper#dagFetchThread] INFO ScheduleServiceFacade:69 - fetch时间:2019年11月19日10时13分57秒
2019-11-19 10:13:57,321 [DagFetchHelper#dagFetchThread] INFO ScheduleServiceFacade:69 - fetch时间:2019年11月19日10时13分57秒
2019-11-19 10:13:57,343 [DagFetchHelper#dagFetchThread] INFO ScheduleServiceFacade:69 - fetch时间:2019年11月19日10时13分57秒
2019-11-19 10:13:57,358 [DagFetchHelper#dagFetchThread] INFO ScheduleServiceFacade:69 - fetch时间:2019年11月19日10时13分57秒
2019-11-19 10:13:57,376 [DagFetchHelper#dagFetchThread] INFO ScheduleServiceFacade:69 - fetch时间:2019年11月19日10时13分57秒
2019-11-19 10:13:57,392 [DagFetchHelper#dagFetchThread] INFO ScheduleServiceFacade:69 - fetch时间:2019年11月19日10时13分57秒
2019-11-19 10:13:57,410 [DagFetchHelper#dagFetchThread] INFO ScheduleServiceFacade:69 - fetch时间:2019年11月19日10时13分57秒
2019-11-19 10:13:57,434 [DagFetchHelper#dagFetchThread] INFO ScheduleServiceFacade:69 - fetch时间:2019年11月19日10时13分57秒
2019-11-19 10:13:57,505 [DagFetchHelper#dagFetchThread] INFO ScheduleServiceFacade:69 - fetch时间:2019年11月19日10时13分57秒
2019-11-19 10:13:57,586 [DagFetchHelper#dagFetchThread] INFO ScheduleServiceFacade:69 - fetch时间:2019年11月19日10时13分57秒
2019-11-19 10:13:57,664 [DagFetchHelper#dagFetchThread] INFO ScheduleServiceFacade:69 - fetch时间:2019年11月19日10时13分57秒
2019-11-19 10:13:57,689 [DagFetchHelper#dagFetchThread] INFO ScheduleServiceFacade:69 - fetch时间:2019年11月19日10时13分57秒
2019-11-19 10:13:57,705 [DagFetchHelper#dagFetchThread] INFO ScheduleServiceFacade:69 - fetch时间:2019年11月19日10时13分57秒
2019-11-19 10:13:57,724 [DagFetchHelper#dagFetchThread] INFO ScheduleServiceFacade:69 - fetch时间:2019年11月19日10时13分57秒
2019-11-19 10:13:57,744 [DagFetchHelper#dagFetchThread] INFO ScheduleServiceFacade:69 - fetch时间:2019年11月19日10时13分57秒
2019-11-19 10:13:57,794 [DagFetchHelper#dagFetchThread] INFO ScheduleServiceFacade:69 - fetch时间:2019年11月19日10时13分57秒
2019-11-19 10:13:57,831 [DagFetchHelper#dagFetchThread] INFO ScheduleServiceFacade:69 - fetch时间:2019年11月19日10时13分57秒
2019-11-19 10:13:57,852 [DagFetchHelper#dagFetchThread] INFO ScheduleServiceFacade:69 - fetch时间:2019年11月19日10时13分57秒
2019-11-19 10:13:57,873 [DagFetchHelper#dagFetchThread] INFO ScheduleServiceFacade:69 - fetch时间:2019年11月19日10时13分57秒
2019-11-19 10:13:57,891 [DagFetchHelper#dagFetchThread] INFO ScheduleServiceFacade:69 - fetch时间:2019年11月19日10时13分57秒
2019-11-19 10:13:57,913 [DagFetchHelper#dagFetchThread] INFO ScheduleServiceFacade:69 - fetch时间:2019年11月19日10时13分57秒
2019-11-19 10:13:57,927 [DagFetchHelper#dagFetchThread] INFO ScheduleServiceFacade:69 - fetch时间:2019年11月19日10时13分57秒
2019-11-19 10:13:57,999 [DagFetchHelper#dagFetchThread] INFO ScheduleServiceFacade:69 - fetch时间:2019年11月19日10时13分57秒
2019-11-19 10:13:58,021 [DagFetchHelper#dagFetchThread] INFO ScheduleServiceFacade:69 - fetch时间:2019年11月19日10时13分58秒
2019-11-19 10:13:58,037 [DagFetchHelper#dagFetchThread] INFO ScheduleServiceFacade:69 - fetch时间:2019年11月19日10时13分58秒
2019-11-19 10:13:58,053 [DagFetchHelper#dagFetchThread] INFO ScheduleServiceFacade:69 - fetch时间:2019年11月19日10时13分58秒
2019-11-19 10:13:58,070 [DagFetchHelper#dagFetchThread] INFO ScheduleServiceFacade:69 - fetch时间:2019年11月19日10时13分58秒
2019-11-19 10:13:58,088 [DagFetchHelper#dagFetchThread] INFO ScheduleServiceFacade:69 - fetch时间:2019年11月19日10时13分58秒
2019-11-19 10:13:58,108 [DagFetchHelper#dagFetchThread] INFO ScheduleServiceFacade:69 - fetch时间:2019年11月19日10时13分58秒
2019-11-19 10:13:58,134 [DagFetchHelper#dagFetchThread] INFO ScheduleServiceFacade:69 - fetch时间:2019年11月19日10时13分58秒
2019-11-19 10:13:58,159 [DagFetchHelper#dagFetchThread] INFO ScheduleServiceFacade:69 - fetch时间:2019年11月19日10时13分58秒
2019-11-19 10:13:58,179 [DagFetchHelper#dagFetchThread] INFO ScheduleServiceFacade:69 - fetch时间:2019年11月19日10时13分58秒
2019-11-19 10:13:58,197 [DagFetchHelper#dagFetchThread] INFO ScheduleServiceFacade:69 - fetch时间:2019年11月19日10时13分58秒
2019-11-19 10:13:58,212 [DagFetchHelper#dagFetchThread] INFO ScheduleServiceFacade:69 - fetch时间:2019年11月19日10时13分58秒
2019-11-19 10:13:58,235 [DagFetchHelper#dagFetchThread] INFO ScheduleServiceFacade:69 - fetch时间:2019年11月19日10时13分58秒
2019-11-19 10:13:58,254 [DagFetchHelper#dagFetchThread] INFO ScheduleServiceFacade:69 - fetch时间:2019年11月19日10时13分58秒
2019-11-19 10:13:58,340 [DagFetchHelper#dagFetchThread] INFO ScheduleServiceFacade:69 - fetch时间:2019年11月19日10时13分58秒
2019-11-19 10:13:58,419 [DagFetchHelper#dagFetchThread] INFO ScheduleServiceFacade:69 - fetch时间:2019年11月19日10时13分58秒
2019-11-19 10:13:58,510 [DagFetchHelper#dagFetchThread] INFO ScheduleServiceFacade:69 - fetch时间:2019年11月19日10时13分58秒
2019-11-19 10:13:58,614 [DagFetchHelper#dagFetchThread] INFO ScheduleServiceFacade:69 - fetch时间:2019年11月19日10时13分58秒
2019-11-19 10:13:58,708 [DagFetchHelper#dagFetchThread] INFO ScheduleServiceFacade:69 - fetch时间:2019年11月19日10时13分58秒
2019-11-19 10:13:58,795 [DagFetchHelper#dagFetchThread] INFO ScheduleServiceFacade:69 - fetch时间:2019年11月19日10时13分58秒
2019-11-19 10:13:59,075 [DagFetchHelper#dagFetchThread] INFO ScheduleServiceFacade:69 - fetch时间:2019年11月19日10时13分59秒
2019-11-19 10:13:59,164 [DagFetchHelper#dagFetchThread] INFO ScheduleServiceFacade:69 - fetch时间:2019年11月19日10时13分59秒
2019-11-19 10:13:59,255 [DagFetchHelper#dagFetchThread] INFO ScheduleServiceFacade:69 - fetch时间:2019年11月19日10时13分59秒
2019-11-19 10:13:59,344 [DagFetchHelper#dagFetchThread] INFO ScheduleServiceFacade:69 - fetch时间:2019年11月19日10时13分59秒
2019-11-19 10:13:59,446 [DagFetchHelper#dagFetchThread] INFO ScheduleServiceFacade:69 - fetch时间:2019年11月19日10时13分59秒
2019-11-19 10:13:59,534 [DagFetchHelper#dagFetchThread] INFO ScheduleServiceFacade:69 - fetch时间:2019年11月19日10时13分59秒
2019-11-19 10:13:59,602 [DagFetchHelper#dagFetchThread] INFO ScheduleServiceFacade:69 - fetch时间:2019年11月19日10时13分59秒
2019-11-19 10:13:59,674 [DagFetchHelper#dagFetchThread] INFO ScheduleServiceFacade:69 - fetch时间:2019年11月19日10时13分59秒
2019-11-19 10:13:59,774 [DagFetchHelper#dagFetchThread] INFO ScheduleServiceFacade:69 - fetch时间:2019年11月19日10时13分59秒
2019-11-19 10:13:59,863 [DagFetchHelper#dagFetchThread] INFO ScheduleServiceFacade:69 - fetch时间:2019年11月19日10时13分59秒
2019-11-19 10:13:59,952 [DagFetchHelper#dagFetchThread] INFO ScheduleServiceFacade:69 - fetch时间:2019年11月19日10时13分59秒
2019-11-19 10:13:59,966 [DagFetchHelper#dagFetchThread] INFO ScheduleServiceFacade:69 - fetch时间:2019年11月19日10时13分59秒
2019-11-19 10:13:59,986 [DagFetchHelper#dagFetchThread] INFO ScheduleServiceFacade:69 - fetch时间:2019年11月19日10时13分59秒
2019-11-19 10:14:00,003 [DagFetchHelper#dagFetchThread] INFO ScheduleServiceFacade:69 - fetch时间:2019年11月19日10时14分0秒
2019-11-19 10:14:00,030 [DagFetchHelper#dagFetchThread] INFO ScheduleServiceFacade:69 - fetch时间:2019年11月19日10时14分0秒
2019-11-19 10:14:00,049 [DagFetchHelper#dagFetchThread] INFO ScheduleServiceFacade:69 - fetch时间:2019年11月19日10时14分0秒
2019-11-19 10:14:00,065 [DagFetchHelper#dagFetchThread] INFO ScheduleServiceFacade:69 - fetch时间:2019年11月19日10时14分0秒
2019-11-19 10:14:00,078 [DagFetchHelper#dagFetchThread] INFO ScheduleServiceFacade:69 - fetch时间:2019年11月19日10时14分0秒
2019-11-19 10:14:00,093 [DagFetchHelper#dagFetchThread] INFO ScheduleServiceFacade:69 - fetch时间:2019年11月19日10时14分0秒
2019-11-19 10:14:00,184 [DagFetchHelper#dagFetchThread] INFO ScheduleServiceFacade:69 - fetch时间:2019年11月19日10时14分0秒
2019-11-19 10:14:00,285 [DagFetchHelper#dagFetchThread] INFO ScheduleServiceFacade:69 - fetch时间:2019年11月19日10时14分0秒
2019-11-19 10:14:00,346 [DagFetchHelper#dagFetchThread] INFO ScheduleServiceFacade:69 - fetch时间:2019年11月19日10时14分0秒
2019-11-19 10:14:00,433 [DagFetchHelper#dagFetchThread] INFO ScheduleServiceFacade:69 - fetch时间:2019年11月19日10时14分0秒
2019-11-19 10:14:00,525 [DagFetchHelper#dagFetchThread] INFO ScheduleServiceFacade:69 - fetch时间:2019年11月19日10时14分0秒
2019-11-19 10:14:00,609 [DagFetchHelper#dagFetchThread] INFO ScheduleServiceFacade:69 - fetch时间:2019年11月19日10时14分0秒
2019-11-19 10:14:00,706 [DagFetchHelper#dagFetchThread] INFO ScheduleServiceFacade:69 - fetch时间:2019年11月19日10时14分0秒
2019-11-19 10:14:00,761 [DagFetchHelper#dagFetchThread] INFO ScheduleServiceFacade:69 - fetch时间:2019年11月19日10时14分0秒
2019-11-19 10:14:00,781 [DagFetchHelper#dagFetchThread] INFO ScheduleServiceFacade:69 - fetch时间:2019年11月19日10时14分0秒
2019-11-19 10:14:00,815 [Thread-18] INFO ThreadPoolTaskExecutor:208 - Shutting down ExecutorService 'applicationTaskExecutor'
2019-11-19 10:17:12,612 [main] INFO DongfengCenterApplication:50 - Starting DongfengCenterApplication on bogon with PID 22218 (/Users/simbahjf/IdeaProjects/dongfeng/dongfeng-center/target/classes started by simbahjf in /Users/simbahjf/IdeaProjects/dongfeng)
2019-11-19 10:17:12,618 [main] INFO DongfengCenterApplication:647 - No active profile set, falling back to default profiles: default
2019-11-19 10:21:37,286 [main] INFO DongfengCenterApplication:50 - Starting DongfengCenterApplication on bogon with PID 23021 (/Users/simbahjf/IdeaProjects/dongfeng/dongfeng-center/target/classes started by simbahjf in /Users/simbahjf/IdeaProjects/dongfeng)
2019-11-19 10:21:37,297 [main] INFO DongfengCenterApplication:647 - No active profile set, falling back to default profiles: default
2019-11-19 10:21:38,136 [main] INFO RepositoryConfigurationDelegate:244 - Multiple Spring Data modules found, entering strict repository configuration mode!
2019-11-19 10:21:38,139 [main] INFO RepositoryConfigurationDelegate:126 - Bootstrapping Spring Data repositories in DEFAULT mode.
2019-11-19 10:21:38,176 [main] INFO RepositoryConfigurationDelegate:182 - Finished Spring Data repository scanning in 20ms. Found 0 repository interfaces.
2019-11-19 10:21:38,450 [main] INFO PostProcessorRegistrationDelegate$BeanPostProcessorChecker:330 - Bean 'org.springframework.transaction.annotation.ProxyTransactionManagementConfiguration' of type [org.springframework.transaction.annotation.ProxyTransactionManagementConfiguration$$EnhancerBySpringCGLIB$$5a80b961] is not eligible for getting processed by all BeanPostProcessors (for example: not eligible for auto-proxying)
2019-11-19 10:21:38,715 [main] INFO TomcatWebServer:90 - Tomcat initialized with port(s): 8080 (http)
2019-11-19 10:21:38,731 [main] INFO Http11NioProtocol:173 - Initializing ProtocolHandler ["http-nio-8080"]
2019-11-19 10:21:38,740 [main] INFO StandardService:173 - Starting service [Tomcat]
2019-11-19 10:21:38,741 [main] INFO StandardEngine:173 - Starting Servlet engine: [Apache Tomcat/9.0.22]
2019-11-19 10:21:38,852 [main] INFO [/dongfeng]:173 - Initializing Spring embedded WebApplicationContext
2019-11-19 10:21:38,853 [main] INFO ContextLoader:284 - Root WebApplicationContext: initialization completed in 1488 ms
2019-11-19 10:21:39,709 [main] INFO ThreadPoolTaskExecutor:171 - Initializing ExecutorService 'applicationTaskExecutor'
2019-11-19 10:21:39,786 [main] INFO WelcomePageHandlerMapping:58 - Adding welcome page template: index
2019-11-19 10:21:40,038 [DagFetchHelper#dagFetchThread] INFO DruidDataSource:1003 - {dataSource-1} inited
2019-11-19 10:21:40,041 [DagFetchHelper#dagFetchThread] INFO ScheduleServiceFacade:68 - fetch时间:2019年11月19日10时21分40秒
2019-11-19 10:21:40,118 [main] INFO Http11NioProtocol:173 - Starting ProtocolHandler ["http-nio-8080"]
2019-11-19 10:21:40,121 [DagFetchHelper#dagFetchThread] INFO DagFetchHelper:49 - dagFetchThread ## fetch dag list:[]
2019-11-19 10:21:40,156 [main] INFO TomcatWebServer:202 - Tomcat started on port(s): 8080 (http) with context path '/dongfeng'
2019-11-19 10:21:40,159 [main] INFO DongfengCenterApplication:59 - Started DongfengCenterApplication in 3.617 seconds (JVM running for 4.271)
2019-11-19 10:21:47,771 [Thread-15] INFO ThreadPoolTaskExecutor:208 - Shutting down ExecutorService 'applicationTaskExecutor'
2019-11-19 10:21:47,799 [Thread-15] INFO DruidDataSource:1948 - {dataSource-1} closing ...
2019-11-19 10:21:47,804 [Thread-15] INFO DruidDataSource:2020 - {dataSource-1} closed
2019-11-19 10:39:16,374 [main] INFO DongfengCenterApplication:50 - Starting DongfengCenterApplication on bogon with PID 26321 (/Users/simbahjf/IdeaProjects/dongfeng/dongfeng-center/target/classes started by simbahjf in /Users/simbahjf/IdeaProjects/dongfeng)
2019-11-19 10:39:16,380 [main] INFO DongfengCenterApplication:647 - No active profile set, falling back to default profiles: default
2019-11-19 10:39:17,005 [main] INFO RepositoryConfigurationDelegate:244 - Multiple Spring Data modules found, entering strict repository configuration mode!
2019-11-19 10:39:17,007 [main] INFO RepositoryConfigurationDelegate:126 - Bootstrapping Spring Data repositories in DEFAULT mode.
2019-11-19 10:39:17,041 [main] INFO RepositoryConfigurationDelegate:182 - Finished Spring Data repository scanning in 19ms. Found 0 repository interfaces.
2019-11-19 10:39:17,311 [main] INFO PostProcessorRegistrationDelegate$BeanPostProcessorChecker:330 - Bean 'org.springframework.transaction.annotation.ProxyTransactionManagementConfiguration' of type [org.springframework.transaction.annotation.ProxyTransactionManagementConfiguration$$EnhancerBySpringCGLIB$$6fc2d68c] is not eligible for getting processed by all BeanPostProcessors (for example: not eligible for auto-proxying)
2019-11-19 10:39:17,534 [main] INFO TomcatWebServer:90 - Tomcat initialized with port(s): 8080 (http)
2019-11-19 10:39:17,545 [main] INFO Http11NioProtocol:173 - Initializing ProtocolHandler ["http-nio-8080"]
2019-11-19 10:39:17,557 [main] INFO StandardService:173 - Starting service [Tomcat]
2019-11-19 10:39:17,558 [main] INFO StandardEngine:173 - Starting Servlet engine: [Apache Tomcat/9.0.22]
2019-11-19 10:39:17,646 [main] INFO [/dongfeng]:173 - Initializing Spring embedded WebApplicationContext
2019-11-19 10:39:17,647 [main] INFO ContextLoader:284 - Root WebApplicationContext: initialization completed in 1230 ms
2019-11-19 10:39:18,360 [main] INFO ThreadPoolTaskExecutor:171 - Initializing ExecutorService 'applicationTaskExecutor'
2019-11-19 10:39:18,470 [main] INFO WelcomePageHandlerMapping:58 - Adding welcome page template: index
2019-11-19 10:39:18,664 [DagFetchHelper#dagFetchThread] INFO DruidDataSource:1003 - {dataSource-1} inited
2019-11-19 10:39:18,667 [DagFetchHelper#dagFetchThread] INFO ScheduleServiceFacade:68 - fetch时间:2019年11月19日10时39分18秒
2019-11-19 10:39:18,745 [DagFetchHelper#dagFetchThread] INFO DagFetchHelper:49 - dagFetchThread ## fetch dag list:[]
2019-11-19 10:39:18,791 [main] INFO Http11NioProtocol:173 - Starting ProtocolHandler ["http-nio-8080"]
2019-11-19 10:39:18,824 [main] INFO TomcatWebServer:202 - Tomcat started on port(s): 8080 (http) with context path '/dongfeng'
2019-11-19 10:39:18,827 [main] INFO DongfengCenterApplication:59 - Started DongfengCenterApplication in 2.895 seconds (JVM running for 4.661)
2019-11-19 10:39:48,751 [DagFetchHelper#dagFetchThread] INFO ScheduleServiceFacade:68 - fetch时间:2019年11月19日10时39分48秒
2019-11-19 10:39:48,756 [DagFetchHelper#dagFetchThread] INFO DagFetchHelper:49 - dagFetchThread ## fetch dag list:[]
2019-11-19 10:39:56,201 [Thread-14] INFO ThreadPoolTaskExecutor:208 - Shutting down ExecutorService 'applicationTaskExecutor'
2019-11-19 10:39:56,220 [Thread-14] INFO DruidDataSource:1948 - {dataSource-1} closing ...
2019-11-19 10:39:56,226 [Thread-14] INFO DruidDataSource:2020 - {dataSource-1} closed
