2020-03-25 14:33:15,744 [main] INFO DongfengCenterApplication:50 - Starting DongfengCenterApplication on localhost with PID 31411 (/Users/simbahjf/IdeaProjects/dongfeng/dongfeng-center/target/classes started by simbahjf in /Users/simbahjf/IdeaProjects/dongfeng)
2020-03-25 14:33:15,756 [main] INFO DongfengCenterApplication:647 - No active profile set, falling back to default profiles: default
2020-03-25 14:33:16,871 [main] INFO RepositoryConfigurationDelegate:244 - Multiple Spring Data modules found, entering strict repository configuration mode!
2020-03-25 14:33:16,875 [main] INFO RepositoryConfigurationDelegate:126 - Bootstrapping Spring Data repositories in DEFAULT mode.
2020-03-25 14:33:16,926 [main] INFO RepositoryConfigurationDelegate:182 - Finished Spring Data repository scanning in 24ms. Found 0 repository interfaces.
2020-03-25 14:33:17,290 [main] INFO PostProcessorRegistrationDelegate$BeanPostProcessorChecker:330 - Bean 'org.springframework.transaction.annotation.ProxyTransactionManagementConfiguration' of type [org.springframework.transaction.annotation.ProxyTransactionManagementConfiguration$$EnhancerBySpringCGLIB$$b764671c] is not eligible for getting processed by all BeanPostProcessors (for example: not eligible for auto-proxying)
2020-03-25 14:33:17,643 [main] INFO TomcatWebServer:90 - Tomcat initialized with port(s): 8080 (http)
2020-03-25 14:33:17,660 [main] INFO Http11NioProtocol:173 - Initializing ProtocolHandler ["http-nio-8080"]
2020-03-25 14:33:17,674 [main] INFO StandardService:173 - Starting service [Tomcat]
2020-03-25 14:33:17,674 [main] INFO StandardEngine:173 - Starting Servlet engine: [Apache Tomcat/9.0.22]
2020-03-25 14:33:17,784 [main] INFO [/dongfeng]:173 - Initializing Spring embedded WebApplicationContext
2020-03-25 14:33:17,784 [main] INFO ContextLoader:284 - Root WebApplicationContext: initialization completed in 1823 ms
2020-03-25 14:33:18,838 [main] INFO ThreadPoolTaskExecutor:171 - Initializing ExecutorService 'applicationTaskExecutor'
2020-03-25 14:33:18,935 [main] INFO WelcomePageHandlerMapping:58 - Adding welcome page template: index
2020-03-25 14:33:19,313 [DagFetchHelper#dagFetchThread] INFO DruidDataSource:1003 - {dataSource-1} inited
2020-03-25 14:33:19,318 [DagFetchHelper#dagFetchThread] INFO ScheduleServiceFacade:68 - fetch时间:2020年3月25日14时33分19秒
2020-03-25 14:33:19,382 [main] INFO Http11NioProtocol:173 - Starting ProtocolHandler ["http-nio-8080"]
2020-03-25 14:33:19,426 [main] INFO TomcatWebServer:202 - Tomcat started on port(s): 8080 (http) with context path '/dongfeng'
2020-03-25 14:33:19,431 [main] INFO DongfengCenterApplication:59 - Started DongfengCenterApplication in 4.824 seconds (JVM running for 6.206)
2020-03-25 14:33:19,438 [DagFetchHelper#dagFetchThread] INFO DagFetchHelper:49 - dagFetchThread ## fetch dag list:[]
2020-03-25 14:33:46,082 [http-nio-8080-exec-5] INFO [/dongfeng]:173 - Initializing Spring DispatcherServlet 'dispatcherServlet'
2020-03-25 14:33:46,082 [http-nio-8080-exec-5] INFO DispatcherServlet:524 - Initializing Servlet 'dispatcherServlet'
2020-03-25 14:33:46,093 [http-nio-8080-exec-5] INFO DispatcherServlet:546 - Completed initialization in 11 ms
2020-03-25 14:33:49,445 [DagFetchHelper#dagFetchThread] INFO ScheduleServiceFacade:68 - fetch时间:2020年3月25日14时33分49秒
2020-03-25 14:33:49,448 [DagFetchHelper#dagFetchThread] INFO DagFetchHelper:49 - dagFetchThread ## fetch dag list:[]
2020-03-25 14:34:19,454 [DagFetchHelper#dagFetchThread] INFO ScheduleServiceFacade:68 - fetch时间:2020年3月25日14时34分19秒
2020-03-25 14:34:19,457 [DagFetchHelper#dagFetchThread] INFO DagFetchHelper:49 - dagFetchThread ## fetch dag list:[]
2020-03-25 14:34:49,460 [DagFetchHelper#dagFetchThread] INFO ScheduleServiceFacade:68 - fetch时间:2020年3月25日14时34分49秒
2020-03-25 14:34:49,464 [DagFetchHelper#dagFetchThread] INFO DagFetchHelper:49 - dagFetchThread ## fetch dag list:[]
2020-03-25 14:35:19,468 [DagFetchHelper#dagFetchThread] INFO ScheduleServiceFacade:68 - fetch时间:2020年3月25日14时35分19秒
2020-03-25 14:35:19,471 [DagFetchHelper#dagFetchThread] INFO DagFetchHelper:49 - dagFetchThread ## fetch dag list:[]
2020-03-25 14:35:49,477 [DagFetchHelper#dagFetchThread] INFO ScheduleServiceFacade:68 - fetch时间:2020年3月25日14时35分49秒
2020-03-25 14:35:49,482 [DagFetchHelper#dagFetchThread] INFO DagFetchHelper:49 - dagFetchThread ## fetch dag list:[]
2020-03-25 14:36:19,485 [DagFetchHelper#dagFetchThread] INFO ScheduleServiceFacade:68 - fetch时间:2020年3月25日14时36分19秒
2020-03-25 14:36:19,489 [DagFetchHelper#dagFetchThread] INFO DagFetchHelper:49 - dagFetchThread ## fetch dag list:[]
2020-03-25 14:36:49,494 [DagFetchHelper#dagFetchThread] INFO ScheduleServiceFacade:68 - fetch时间:2020年3月25日14时36分49秒
2020-03-25 14:36:49,498 [DagFetchHelper#dagFetchThread] INFO DagFetchHelper:49 - dagFetchThread ## fetch dag list:[]
2020-03-25 14:37:19,504 [DagFetchHelper#dagFetchThread] INFO ScheduleServiceFacade:68 - fetch时间:2020年3月25日14时37分19秒
2020-03-25 14:37:19,508 [DagFetchHelper#dagFetchThread] INFO DagFetchHelper:49 - dagFetchThread ## fetch dag list:[]
2020-03-25 14:37:49,513 [DagFetchHelper#dagFetchThread] INFO ScheduleServiceFacade:68 - fetch时间:2020年3月25日14时37分49秒
2020-03-25 14:37:49,517 [DagFetchHelper#dagFetchThread] INFO DagFetchHelper:49 - dagFetchThread ## fetch dag list:[]
2020-03-25 14:38:19,522 [DagFetchHelper#dagFetchThread] INFO ScheduleServiceFacade:68 - fetch时间:2020年3月25日14时38分19秒
2020-03-25 14:38:19,525 [DagFetchHelper#dagFetchThread] INFO DagFetchHelper:49 - dagFetchThread ## fetch dag list:[]
2020-03-25 14:38:49,530 [DagFetchHelper#dagFetchThread] INFO ScheduleServiceFacade:68 - fetch时间:2020年3月25日14时38分49秒
2020-03-25 14:38:49,533 [DagFetchHelper#dagFetchThread] INFO DagFetchHelper:49 - dagFetchThread ## fetch dag list:[]
2020-03-25 14:39:19,537 [DagFetchHelper#dagFetchThread] INFO ScheduleServiceFacade:68 - fetch时间:2020年3月25日14时39分19秒
2020-03-25 14:39:19,540 [DagFetchHelper#dagFetchThread] INFO DagFetchHelper:49 - dagFetchThread ## fetch dag list:[]
2020-03-25 14:39:49,544 [DagFetchHelper#dagFetchThread] INFO ScheduleServiceFacade:68 - fetch时间:2020年3月25日14时39分49秒
2020-03-25 14:39:49,547 [DagFetchHelper#dagFetchThread] INFO DagFetchHelper:49 - dagFetchThread ## fetch dag list:[]
2020-03-25 14:40:19,557 [DagFetchHelper#dagFetchThread] INFO ScheduleServiceFacade:68 - fetch时间:2020年3月25日14时40分19秒
2020-03-25 14:40:19,561 [DagFetchHelper#dagFetchThread] INFO DagFetchHelper:49 - dagFetchThread ## fetch dag list:[]
2020-03-25 14:40:49,566 [DagFetchHelper#dagFetchThread] INFO ScheduleServiceFacade:68 - fetch时间:2020年3月25日14时40分49秒
2020-03-25 14:40:49,569 [DagFetchHelper#dagFetchThread] INFO DagFetchHelper:49 - dagFetchThread ## fetch dag list:[]
2020-03-25 14:41:19,571 [DagFetchHelper#dagFetchThread] INFO ScheduleServiceFacade:68 - fetch时间:2020年3月25日14时41分19秒
2020-03-25 14:41:19,577 [DagFetchHelper#dagFetchThread] INFO DagFetchHelper:49 - dagFetchThread ## fetch dag list:[]
2020-03-25 14:41:49,581 [DagFetchHelper#dagFetchThread] INFO ScheduleServiceFacade:68 - fetch时间:2020年3月25日14时41分49秒
2020-03-25 14:41:49,584 [DagFetchHelper#dagFetchThread] INFO DagFetchHelper:49 - dagFetchThread ## fetch dag list:[]
2020-03-25 14:42:19,589 [DagFetchHelper#dagFetchThread] INFO ScheduleServiceFacade:68 - fetch时间:2020年3月25日14时42分19秒
2020-03-25 14:42:19,592 [DagFetchHelper#dagFetchThread] INFO DagFetchHelper:49 - dagFetchThread ## fetch dag list:[]
2020-03-25 14:42:49,598 [DagFetchHelper#dagFetchThread] INFO ScheduleServiceFacade:68 - fetch时间:2020年3月25日14时42分49秒
2020-03-25 14:42:49,603 [DagFetchHelper#dagFetchThread] INFO DagFetchHelper:49 - dagFetchThread ## fetch dag list:[]
2020-03-25 14:42:57,896 [Thread-17] INFO ThreadPoolTaskExecutor:208 - Shutting down ExecutorService 'applicationTaskExecutor'
2020-03-25 14:42:57,931 [Thread-17] INFO DruidDataSource:1948 - {dataSource-1} closing ...
2020-03-25 14:42:57,940 [Thread-17] INFO DruidDataSource:2020 - {dataSource-1} closed
2020-03-25 14:43:05,189 [main] INFO DongfengCenterApplication:50 - Starting DongfengCenterApplication on localhost with PID 33220 (/Users/simbahjf/IdeaProjects/dongfeng/dongfeng-center/target/classes started by simbahjf in /Users/simbahjf/IdeaProjects/dongfeng)
2020-03-25 14:43:05,193 [main] INFO DongfengCenterApplication:647 - No active profile set, falling back to default profiles: default
2020-03-25 14:43:06,078 [main] INFO RepositoryConfigurationDelegate:244 - Multiple Spring Data modules found, entering strict repository configuration mode!
2020-03-25 14:43:06,080 [main] INFO RepositoryConfigurationDelegate:126 - Bootstrapping Spring Data repositories in DEFAULT mode.
2020-03-25 14:43:06,114 [main] INFO RepositoryConfigurationDelegate:182 - Finished Spring Data repository scanning in 22ms. Found 0 repository interfaces.
2020-03-25 14:43:06,419 [main] INFO PostProcessorRegistrationDelegate$BeanPostProcessorChecker:330 - Bean 'org.springframework.transaction.annotation.ProxyTransactionManagementConfiguration' of type [org.springframework.transaction.annotation.ProxyTransactionManagementConfiguration$$EnhancerBySpringCGLIB$$588dc9a8] is not eligible for getting processed by all BeanPostProcessors (for example: not eligible for auto-proxying)
2020-03-25 14:43:06,706 [main] INFO TomcatWebServer:90 - Tomcat initialized with port(s): 8080 (http)
2020-03-25 14:43:06,755 [main] INFO Http11NioProtocol:173 - Initializing ProtocolHandler ["http-nio-8080"]
2020-03-25 14:43:06,769 [main] INFO StandardService:173 - Starting service [Tomcat]
2020-03-25 14:43:06,769 [main] INFO StandardEngine:173 - Starting Servlet engine: [Apache Tomcat/9.0.22]
2020-03-25 14:43:06,898 [main] INFO [/dongfeng]:173 - Initializing Spring embedded WebApplicationContext
2020-03-25 14:43:06,900 [main] INFO ContextLoader:284 - Root WebApplicationContext: initialization completed in 1619 ms
2020-03-25 14:43:07,733 [main] INFO ThreadPoolTaskExecutor:171 - Initializing ExecutorService 'applicationTaskExecutor'
2020-03-25 14:43:07,820 [main] INFO WelcomePageHandlerMapping:58 - Adding welcome page template: index
2020-03-25 14:43:07,998 [DagFetchHelper#dagFetchThread] INFO DruidDataSource:1003 - {dataSource-1} inited
2020-03-25 14:43:08,003 [DagFetchHelper#dagFetchThread] INFO ScheduleServiceFacade:68 - fetch时间:2020年3月25日14时43分8秒
2020-03-25 14:43:08,110 [DagFetchHelper#dagFetchThread] INFO DagFetchHelper:49 - dagFetchThread ## fetch dag list:[]
2020-03-25 14:43:08,263 [main] INFO Http11NioProtocol:173 - Starting ProtocolHandler ["http-nio-8080"]
2020-03-25 14:43:08,306 [main] INFO TomcatWebServer:202 - Tomcat started on port(s): 8080 (http) with context path '/dongfeng'
2020-03-25 14:43:08,311 [main] INFO DongfengCenterApplication:59 - Started DongfengCenterApplication in 3.94 seconds (JVM running for 4.731)
2020-03-25 14:43:11,832 [http-nio-8080-exec-1] INFO [/dongfeng]:173 - Initializing Spring DispatcherServlet 'dispatcherServlet'
2020-03-25 14:43:11,833 [http-nio-8080-exec-1] INFO DispatcherServlet:524 - Initializing Servlet 'dispatcherServlet'
2020-03-25 14:43:11,839 [http-nio-8080-exec-1] INFO DispatcherServlet:546 - Completed initialization in 6 ms
2020-03-25 14:43:38,114 [DagFetchHelper#dagFetchThread] INFO ScheduleServiceFacade:68 - fetch时间:2020年3月25日14时43分38秒
2020-03-25 14:43:38,119 [DagFetchHelper#dagFetchThread] INFO DagFetchHelper:49 - dagFetchThread ## fetch dag list:[]
2020-03-25 14:44:08,121 [DagFetchHelper#dagFetchThread] INFO ScheduleServiceFacade:68 - fetch时间:2020年3月25日14时44分8秒
2020-03-25 14:44:08,124 [DagFetchHelper#dagFetchThread] INFO DagFetchHelper:49 - dagFetchThread ## fetch dag list:[]
2020-03-25 14:44:38,131 [DagFetchHelper#dagFetchThread] INFO ScheduleServiceFacade:68 - fetch时间:2020年3月25日14时44分38秒
2020-03-25 14:44:38,135 [DagFetchHelper#dagFetchThread] INFO DagFetchHelper:49 - dagFetchThread ## fetch dag list:[]
2020-03-25 14:45:08,141 [DagFetchHelper#dagFetchThread] INFO ScheduleServiceFacade:68 - fetch时间:2020年3月25日14时45分8秒
2020-03-25 14:45:08,145 [DagFetchHelper#dagFetchThread] INFO DagFetchHelper:49 - dagFetchThread ## fetch dag list:[]
2020-03-25 14:45:35,538 [Thread-15] INFO ThreadPoolTaskExecutor:208 - Shutting down ExecutorService 'applicationTaskExecutor'
2020-03-25 14:45:35,564 [Thread-15] INFO DruidDataSource:1948 - {dataSource-1} closing ...
2020-03-25 14:45:35,568 [Thread-15] INFO DruidDataSource:2020 - {dataSource-1} closed
2020-03-25 14:45:40,292 [main] INFO DongfengCenterApplication:50 - Starting DongfengCenterApplication on localhost with PID 33695 (/Users/simbahjf/IdeaProjects/dongfeng/dongfeng-center/target/classes started by simbahjf in /Users/simbahjf/IdeaProjects/dongfeng)
2020-03-25 14:45:40,296 [main] INFO DongfengCenterApplication:647 - No active profile set, falling back to default profiles: default
2020-03-25 14:45:41,223 [main] INFO RepositoryConfigurationDelegate:244 - Multiple Spring Data modules found, entering strict repository configuration mode!
2020-03-25 14:45:41,226 [main] INFO RepositoryConfigurationDelegate:126 - Bootstrapping Spring Data repositories in DEFAULT mode.
2020-03-25 14:45:41,268 [main] INFO RepositoryConfigurationDelegate:182 - Finished Spring Data repository scanning in 25ms. Found 0 repository interfaces.
2020-03-25 14:45:41,632 [main] INFO PostProcessorRegistrationDelegate$BeanPostProcessorChecker:330 - Bean 'org.springframework.transaction.annotation.ProxyTransactionManagementConfiguration' of type [org.springframework.transaction.annotation.ProxyTransactionManagementConfiguration$$EnhancerBySpringCGLIB$$4b58d79e] is not eligible for getting processed by all BeanPostProcessors (for example: not eligible for auto-proxying)
2020-03-25 14:45:41,874 [main] INFO TomcatWebServer:90 - Tomcat initialized with port(s): 8080 (http)
2020-03-25 14:45:41,892 [main] INFO Http11NioProtocol:173 - Initializing ProtocolHandler ["http-nio-8080"]
2020-03-25 14:45:41,901 [main] INFO StandardService:173 - Starting service [Tomcat]
2020-03-25 14:45:41,902 [main] INFO StandardEngine:173 - Starting Servlet engine: [Apache Tomcat/9.0.22]
2020-03-25 14:45:41,999 [main] INFO [/dongfeng]:173 - Initializing Spring embedded WebApplicationContext
2020-03-25 14:45:41,999 [main] INFO ContextLoader:284 - Root WebApplicationContext: initialization completed in 1570 ms
2020-03-25 14:45:42,762 [main] INFO ThreadPoolTaskExecutor:171 - Initializing ExecutorService 'applicationTaskExecutor'
2020-03-25 14:45:42,849 [main] INFO WelcomePageHandlerMapping:58 - Adding welcome page template: index
2020-03-25 14:45:43,051 [ExpireLogClearHelper#expireLogClearThread] INFO DruidDataSource:1003 - {dataSource-1} inited
2020-03-25 14:45:43,055 [DagFetchHelper#dagFetchThread] INFO ScheduleServiceFacade:68 - fetch时间:2020年3月25日14时45分43秒
2020-03-25 14:45:43,153 [DagFetchHelper#dagFetchThread] INFO DagFetchHelper:49 - dagFetchThread ## fetch dag list:[]
2020-03-25 14:45:43,226 [main] INFO Http11NioProtocol:173 - Starting ProtocolHandler ["http-nio-8080"]
2020-03-25 14:45:43,262 [main] INFO TomcatWebServer:202 - Tomcat started on port(s): 8080 (http) with context path '/dongfeng'
2020-03-25 14:45:43,266 [main] INFO DongfengCenterApplication:59 - Started DongfengCenterApplication in 3.758 seconds (JVM running for 4.614)
2020-03-25 14:45:49,825 [http-nio-8080-exec-1] INFO [/dongfeng]:173 - Initializing Spring DispatcherServlet 'dispatcherServlet'
2020-03-25 14:45:49,825 [http-nio-8080-exec-1] INFO DispatcherServlet:524 - Initializing Servlet 'dispatcherServlet'
2020-03-25 14:45:49,832 [http-nio-8080-exec-1] INFO DispatcherServlet:546 - Completed initialization in 6 ms
2020-03-25 14:46:13,156 [DagFetchHelper#dagFetchThread] INFO ScheduleServiceFacade:68 - fetch时间:2020年3月25日14时46分13秒
2020-03-25 14:46:13,160 [DagFetchHelper#dagFetchThread] INFO DagFetchHelper:49 - dagFetchThread ## fetch dag list:[]
2020-03-25 14:46:43,162 [DagFetchHelper#dagFetchThread] INFO ScheduleServiceFacade:68 - fetch时间:2020年3月25日14时46分43秒
2020-03-25 14:46:43,166 [DagFetchHelper#dagFetchThread] INFO DagFetchHelper:49 - dagFetchThread ## fetch dag list:[]
2020-03-25 14:47:13,169 [DagFetchHelper#dagFetchThread] INFO ScheduleServiceFacade:68 - fetch时间:2020年3月25日14时47分13秒
2020-03-25 14:47:13,171 [DagFetchHelper#dagFetchThread] INFO DagFetchHelper:49 - dagFetchThread ## fetch dag list:[]
2020-03-25 14:47:43,176 [DagFetchHelper#dagFetchThread] INFO ScheduleServiceFacade:68 - fetch时间:2020年3月25日14时47分43秒
2020-03-25 14:47:43,179 [DagFetchHelper#dagFetchThread] INFO DagFetchHelper:49 - dagFetchThread ## fetch dag list:[]
2020-03-25 14:48:13,185 [DagFetchHelper#dagFetchThread] INFO ScheduleServiceFacade:68 - fetch时间:2020年3月25日14时48分13秒
2020-03-25 14:48:13,191 [DagFetchHelper#dagFetchThread] INFO DagFetchHelper:49 - dagFetchThread ## fetch dag list:[]
2020-03-25 14:48:43,196 [DagFetchHelper#dagFetchThread] INFO ScheduleServiceFacade:68 - fetch时间:2020年3月25日14时48分43秒
2020-03-25 14:48:43,200 [DagFetchHelper#dagFetchThread] INFO DagFetchHelper:49 - dagFetchThread ## fetch dag list:[]
2020-03-25 14:49:13,206 [DagFetchHelper#dagFetchThread] INFO ScheduleServiceFacade:68 - fetch时间:2020年3月25日14时49分13秒
2020-03-25 14:49:13,212 [DagFetchHelper#dagFetchThread] INFO DagFetchHelper:49 - dagFetchThread ## fetch dag list:[]
2020-03-25 14:49:43,215 [DagFetchHelper#dagFetchThread] INFO ScheduleServiceFacade:68 - fetch时间:2020年3月25日14时49分43秒
2020-03-25 14:49:43,221 [DagFetchHelper#dagFetchThread] INFO DagFetchHelper:49 - dagFetchThread ## fetch dag list:[]
2020-03-25 14:50:13,222 [DagFetchHelper#dagFetchThread] INFO ScheduleServiceFacade:68 - fetch时间:2020年3月25日14时50分13秒
2020-03-25 14:50:13,226 [DagFetchHelper#dagFetchThread] INFO DagFetchHelper:49 - dagFetchThread ## fetch dag list:[]
2020-03-25 14:50:43,229 [DagFetchHelper#dagFetchThread] INFO ScheduleServiceFacade:68 - fetch时间:2020年3月25日14时50分43秒
2020-03-25 14:50:43,233 [DagFetchHelper#dagFetchThread] INFO DagFetchHelper:49 - dagFetchThread ## fetch dag list:[]
2020-03-25 14:51:13,238 [DagFetchHelper#dagFetchThread] INFO ScheduleServiceFacade:68 - fetch时间:2020年3月25日14时51分13秒
2020-03-25 14:51:13,247 [DagFetchHelper#dagFetchThread] INFO DagFetchHelper:49 - dagFetchThread ## fetch dag list:[]
2020-03-25 14:51:43,251 [DagFetchHelper#dagFetchThread] INFO ScheduleServiceFacade:68 - fetch时间:2020年3月25日14时51分43秒
2020-03-25 14:51:43,254 [DagFetchHelper#dagFetchThread] INFO DagFetchHelper:49 - dagFetchThread ## fetch dag list:[]
2020-03-25 14:52:13,258 [DagFetchHelper#dagFetchThread] INFO ScheduleServiceFacade:68 - fetch时间:2020年3月25日14时52分13秒
2020-03-25 14:52:13,261 [DagFetchHelper#dagFetchThread] INFO DagFetchHelper:49 - dagFetchThread ## fetch dag list:[]
2020-03-25 14:52:43,264 [DagFetchHelper#dagFetchThread] INFO ScheduleServiceFacade:68 - fetch时间:2020年3月25日14时52分43秒
2020-03-25 14:52:43,267 [DagFetchHelper#dagFetchThread] INFO DagFetchHelper:49 - dagFetchThread ## fetch dag list:[]
2020-03-25 14:53:13,270 [DagFetchHelper#dagFetchThread] INFO ScheduleServiceFacade:68 - fetch时间:2020年3月25日14时53分13秒
2020-03-25 14:53:13,273 [DagFetchHelper#dagFetchThread] INFO DagFetchHelper:49 - dagFetchThread ## fetch dag list:[]
2020-03-25 14:53:34,631 [Thread-15] INFO ThreadPoolTaskExecutor:208 - Shutting down ExecutorService 'applicationTaskExecutor'
2020-03-25 14:53:34,655 [Thread-15] INFO DruidDataSource:1948 - {dataSource-1} closing ...
2020-03-25 14:53:34,659 [Thread-15] INFO DruidDataSource:2020 - {dataSource-1} closed
2020-03-25 14:53:39,796 [main] INFO DongfengCenterApplication:50 - Starting DongfengCenterApplication on localhost with PID 35118 (/Users/simbahjf/IdeaProjects/dongfeng/dongfeng-center/target/classes started by simbahjf in /Users/simbahjf/IdeaProjects/dongfeng)
2020-03-25 14:53:39,806 [main] INFO DongfengCenterApplication:647 - No active profile set, falling back to default profiles: default
2020-03-25 14:53:40,843 [main] INFO RepositoryConfigurationDelegate:244 - Multiple Spring Data modules found, entering strict repository configuration mode!
2020-03-25 14:53:40,846 [main] INFO RepositoryConfigurationDelegate:126 - Bootstrapping Spring Data repositories in DEFAULT mode.
2020-03-25 14:53:40,880 [main] INFO RepositoryConfigurationDelegate:182 - Finished Spring Data repository scanning in 20ms. Found 0 repository interfaces.
2020-03-25 14:53:41,211 [main] INFO PostProcessorRegistrationDelegate$BeanPostProcessorChecker:330 - Bean 'org.springframework.transaction.annotation.ProxyTransactionManagementConfiguration' of type [org.springframework.transaction.annotation.ProxyTransactionManagementConfiguration$$EnhancerBySpringCGLIB$$ba04efd4] is not eligible for getting processed by all BeanPostProcessors (for example: not eligible for auto-proxying)
2020-03-25 14:53:41,448 [main] INFO TomcatWebServer:90 - Tomcat initialized with port(s): 8080 (http)
2020-03-25 14:53:41,461 [main] INFO Http11NioProtocol:173 - Initializing ProtocolHandler ["http-nio-8080"]
2020-03-25 14:53:41,469 [main] INFO StandardService:173 - Starting service [Tomcat]
2020-03-25 14:53:41,470 [main] INFO StandardEngine:173 - Starting Servlet engine: [Apache Tomcat/9.0.22]
2020-03-25 14:53:41,574 [main] INFO [/dongfeng]:173 - Initializing Spring embedded WebApplicationContext
2020-03-25 14:53:41,574 [main] INFO ContextLoader:284 - Root WebApplicationContext: initialization completed in 1684 ms
2020-03-25 14:53:42,394 [main] INFO ThreadPoolTaskExecutor:171 - Initializing ExecutorService 'applicationTaskExecutor'
2020-03-25 14:53:42,482 [main] INFO WelcomePageHandlerMapping:58 - Adding welcome page template: index
2020-03-25 14:53:42,747 [DagFetchHelper#dagFetchThread] INFO DruidDataSource:1003 - {dataSource-1} inited
2020-03-25 14:53:42,752 [DagFetchHelper#dagFetchThread] INFO ScheduleServiceFacade:68 - fetch时间:2020年3月25日14时53分42秒
2020-03-25 14:53:42,867 [DagFetchHelper#dagFetchThread] INFO DagFetchHelper:49 - dagFetchThread ## fetch dag list:[]
2020-03-25 14:53:42,966 [main] INFO Http11NioProtocol:173 - Starting ProtocolHandler ["http-nio-8080"]
2020-03-25 14:53:43,008 [main] INFO TomcatWebServer:202 - Tomcat started on port(s): 8080 (http) with context path '/dongfeng'
2020-03-25 14:53:43,012 [main] INFO DongfengCenterApplication:59 - Started DongfengCenterApplication in 4.025 seconds (JVM running for 4.86)
2020-03-25 14:53:46,758 [http-nio-8080-exec-1] INFO [/dongfeng]:173 - Initializing Spring DispatcherServlet 'dispatcherServlet'
2020-03-25 14:53:46,759 [http-nio-8080-exec-1] INFO DispatcherServlet:524 - Initializing Servlet 'dispatcherServlet'
2020-03-25 14:53:46,766 [http-nio-8080-exec-1] INFO DispatcherServlet:546 - Completed initialization in 6 ms
2020-03-25 14:54:12,871 [DagFetchHelper#dagFetchThread] INFO ScheduleServiceFacade:68 - fetch时间:2020年3月25日14时54分12秒
2020-03-25 14:54:12,877 [DagFetchHelper#dagFetchThread] INFO DagFetchHelper:49 - dagFetchThread ## fetch dag list:[]
2020-03-25 14:54:42,880 [DagFetchHelper#dagFetchThread] INFO ScheduleServiceFacade:68 - fetch时间:2020年3月25日14时54分42秒
2020-03-25 14:54:42,883 [DagFetchHelper#dagFetchThread] INFO DagFetchHelper:49 - dagFetchThread ## fetch dag list:[]
2020-03-25 14:55:12,889 [DagFetchHelper#dagFetchThread] INFO ScheduleServiceFacade:68 - fetch时间:2020年3月25日14时55分12秒
2020-03-25 14:55:12,892 [DagFetchHelper#dagFetchThread] INFO DagFetchHelper:49 - dagFetchThread ## fetch dag list:[]
2020-03-25 14:55:42,897 [DagFetchHelper#dagFetchThread] INFO ScheduleServiceFacade:68 - fetch时间:2020年3月25日14时55分42秒
2020-03-25 14:55:42,900 [DagFetchHelper#dagFetchThread] INFO DagFetchHelper:49 - dagFetchThread ## fetch dag list:[]
2020-03-25 14:55:51,866 [Thread-15] INFO ThreadPoolTaskExecutor:208 - Shutting down ExecutorService 'applicationTaskExecutor'
2020-03-25 14:55:51,892 [Thread-15] INFO DruidDataSource:1948 - {dataSource-1} closing ...
2020-03-25 14:55:51,896 [Thread-15] INFO DruidDataSource:2020 - {dataSource-1} closed
2020-03-25 14:55:56,087 [main] INFO DongfengCenterApplication:50 - Starting DongfengCenterApplication on localhost with PID 35570 (/Users/simbahjf/IdeaProjects/dongfeng/dongfeng-center/target/classes started by simbahjf in /Users/simbahjf/IdeaProjects/dongfeng)
2020-03-25 14:55:56,091 [main] INFO DongfengCenterApplication:647 - No active profile set, falling back to default profiles: default
2020-03-25 14:55:56,995 [main] INFO RepositoryConfigurationDelegate:244 - Multiple Spring Data modules found, entering strict repository configuration mode!
2020-03-25 14:55:56,998 [main] INFO RepositoryConfigurationDelegate:126 - Bootstrapping Spring Data repositories in DEFAULT mode.
2020-03-25 14:55:57,036 [main] INFO RepositoryConfigurationDelegate:182 - Finished Spring Data repository scanning in 21ms. Found 0 repository interfaces.
2020-03-25 14:55:57,382 [main] INFO PostProcessorRegistrationDelegate$BeanPostProcessorChecker:330 - Bean 'org.springframework.transaction.annotation.ProxyTransactionManagementConfiguration' of type [org.springframework.transaction.annotation.ProxyTransactionManagementConfiguration$$EnhancerBySpringCGLIB$$4f649b6d] is not eligible for getting processed by all BeanPostProcessors (for example: not eligible for auto-proxying)
2020-03-25 14:55:57,627 [main] INFO TomcatWebServer:90 - Tomcat initialized with port(s): 8080 (http)
2020-03-25 14:55:57,642 [main] INFO Http11NioProtocol:173 - Initializing ProtocolHandler ["http-nio-8080"]
2020-03-25 14:55:57,654 [main] INFO StandardService:173 - Starting service [Tomcat]
2020-03-25 14:55:57,654 [main] INFO StandardEngine:173 - Starting Servlet engine: [Apache Tomcat/9.0.22]
2020-03-25 14:55:57,782 [main] INFO [/dongfeng]:173 - Initializing Spring embedded WebApplicationContext
2020-03-25 14:55:57,782 [main] INFO ContextLoader:284 - Root WebApplicationContext: initialization completed in 1597 ms
2020-03-25 14:55:58,634 [main] INFO ThreadPoolTaskExecutor:171 - Initializing ExecutorService 'applicationTaskExecutor'
2020-03-25 14:55:58,732 [main] INFO WelcomePageHandlerMapping:58 - Adding welcome page template: index
2020-03-25 14:55:58,886 [ExpireLogClearHelper#expireLogClearThread] INFO DruidDataSource:1003 - {dataSource-1} inited
2020-03-25 14:55:58,889 [DagFetchHelper#dagFetchThread] INFO ScheduleServiceFacade:68 - fetch时间:2020年3月25日14时55分58秒
2020-03-25 14:55:58,982 [DagFetchHelper#dagFetchThread] INFO DagFetchHelper:49 - dagFetchThread ## fetch dag list:[]
2020-03-25 14:55:59,133 [main] INFO Http11NioProtocol:173 - Starting ProtocolHandler ["http-nio-8080"]
2020-03-25 14:55:59,172 [main] INFO TomcatWebServer:202 - Tomcat started on port(s): 8080 (http) with context path '/dongfeng'
2020-03-25 14:55:59,176 [main] INFO DongfengCenterApplication:59 - Started DongfengCenterApplication in 3.821 seconds (JVM running for 4.662)
2020-03-25 14:56:09,182 [http-nio-8080-exec-1] INFO [/dongfeng]:173 - Initializing Spring DispatcherServlet 'dispatcherServlet'
2020-03-25 14:56:09,183 [http-nio-8080-exec-1] INFO DispatcherServlet:524 - Initializing Servlet 'dispatcherServlet'
2020-03-25 14:56:09,190 [http-nio-8080-exec-1] INFO DispatcherServlet:546 - Completed initialization in 6 ms
2020-03-25 14:56:28,986 [DagFetchHelper#dagFetchThread] INFO ScheduleServiceFacade:68 - fetch时间:2020年3月25日14时56分28秒
2020-03-25 14:56:28,989 [DagFetchHelper#dagFetchThread] INFO DagFetchHelper:49 - dagFetchThread ## fetch dag list:[]
2020-03-25 14:56:58,996 [DagFetchHelper#dagFetchThread] INFO ScheduleServiceFacade:68 - fetch时间:2020年3月25日14时56分58秒
2020-03-25 14:56:58,999 [DagFetchHelper#dagFetchThread] INFO DagFetchHelper:49 - dagFetchThread ## fetch dag list:[]
2020-03-25 14:57:29,005 [DagFetchHelper#dagFetchThread] INFO ScheduleServiceFacade:68 - fetch时间:2020年3月25日14时57分29秒
2020-03-25 14:57:29,010 [DagFetchHelper#dagFetchThread] INFO DagFetchHelper:49 - dagFetchThread ## fetch dag list:[]
2020-03-25 14:57:59,014 [DagFetchHelper#dagFetchThread] INFO ScheduleServiceFacade:68 - fetch时间:2020年3月25日14时57分59秒
2020-03-25 14:57:59,018 [DagFetchHelper#dagFetchThread] INFO DagFetchHelper:49 - dagFetchThread ## fetch dag list:[]
2020-03-25 14:58:29,022 [DagFetchHelper#dagFetchThread] INFO ScheduleServiceFacade:68 - fetch时间:2020年3月25日14时58分29秒
2020-03-25 14:58:29,026 [DagFetchHelper#dagFetchThread] INFO DagFetchHelper:49 - dagFetchThread ## fetch dag list:[]
2020-03-25 14:58:59,030 [DagFetchHelper#dagFetchThread] INFO ScheduleServiceFacade:68 - fetch时间:2020年3月25日14时58分59秒
2020-03-25 14:58:59,033 [DagFetchHelper#dagFetchThread] INFO DagFetchHelper:49 - dagFetchThread ## fetch dag list:[]
2020-03-25 14:59:29,037 [DagFetchHelper#dagFetchThread] INFO ScheduleServiceFacade:68 - fetch时间:2020年3月25日14时59分29秒
2020-03-25 14:59:29,041 [DagFetchHelper#dagFetchThread] INFO DagFetchHelper:49 - dagFetchThread ## fetch dag list:[]
2020-03-25 14:59:53,054 [Thread-15] INFO ThreadPoolTaskExecutor:208 - Shutting down ExecutorService 'applicationTaskExecutor'
2020-03-25 14:59:53,076 [Thread-15] INFO DruidDataSource:1948 - {dataSource-1} closing ...
2020-03-25 14:59:53,081 [Thread-15] INFO DruidDataSource:2020 - {dataSource-1} closed
2020-03-25 14:59:57,233 [main] INFO DongfengCenterApplication:50 - Starting DongfengCenterApplication on localhost with PID 36312 (/Users/simbahjf/IdeaProjects/dongfeng/dongfeng-center/target/classes started by simbahjf in /Users/simbahjf/IdeaProjects/dongfeng)
2020-03-25 14:59:57,261 [main] INFO DongfengCenterApplication:647 - No active profile set, falling back to default profiles: default
2020-03-25 14:59:58,053 [main] INFO RepositoryConfigurationDelegate:244 - Multiple Spring Data modules found, entering strict repository configuration mode!
2020-03-25 14:59:58,055 [main] INFO RepositoryConfigurationDelegate:126 - Bootstrapping Spring Data repositories in DEFAULT mode.
2020-03-25 14:59:58,088 [main] INFO RepositoryConfigurationDelegate:182 - Finished Spring Data repository scanning in 20ms. Found 0 repository interfaces.
2020-03-25 14:59:58,392 [main] INFO PostProcessorRegistrationDelegate$BeanPostProcessorChecker:330 - Bean 'org.springframework.transaction.annotation.ProxyTransactionManagementConfiguration' of type [org.springframework.transaction.annotation.ProxyTransactionManagementConfiguration$$EnhancerBySpringCGLIB$$b635838a] is not eligible for getting processed by all BeanPostProcessors (for example: not eligible for auto-proxying)
2020-03-25 14:59:58,625 [main] INFO TomcatWebServer:90 - Tomcat initialized with port(s): 8080 (http)
2020-03-25 14:59:58,638 [main] INFO Http11NioProtocol:173 - Initializing ProtocolHandler ["http-nio-8080"]
2020-03-25 14:59:58,646 [main] INFO StandardService:173 - Starting service [Tomcat]
2020-03-25 14:59:58,647 [main] INFO StandardEngine:173 - Starting Servlet engine: [Apache Tomcat/9.0.22]
2020-03-25 14:59:58,751 [main] INFO [/dongfeng]:173 - Initializing Spring embedded WebApplicationContext
2020-03-25 14:59:58,752 [main] INFO ContextLoader:284 - Root WebApplicationContext: initialization completed in 1375 ms
2020-03-25 14:59:59,624 [main] INFO ThreadPoolTaskExecutor:171 - Initializing ExecutorService 'applicationTaskExecutor'
2020-03-25 14:59:59,715 [main] INFO WelcomePageHandlerMapping:58 - Adding welcome page template: index
2020-03-25 14:59:59,912 [ExpireLogClearHelper#expireLogClearThread] INFO DruidDataSource:1003 - {dataSource-1} inited
2020-03-25 14:59:59,915 [DagFetchHelper#dagFetchThread] INFO ScheduleServiceFacade:68 - fetch时间:2020年3月25日14时59分59秒
2020-03-25 15:00:00,020 [DagFetchHelper#dagFetchThread] INFO DagFetchHelper:49 - dagFetchThread ## fetch dag list:[]
2020-03-25 15:00:00,117 [main] INFO Http11NioProtocol:173 - Starting ProtocolHandler ["http-nio-8080"]
2020-03-25 15:00:00,182 [main] INFO TomcatWebServer:202 - Tomcat started on port(s): 8080 (http) with context path '/dongfeng'
2020-03-25 15:00:00,186 [main] INFO DongfengCenterApplication:59 - Started DongfengCenterApplication in 3.731 seconds (JVM running for 4.569)
2020-03-25 15:00:04,148 [http-nio-8080-exec-1] INFO [/dongfeng]:173 - Initializing Spring DispatcherServlet 'dispatcherServlet'
2020-03-25 15:00:04,148 [http-nio-8080-exec-1] INFO DispatcherServlet:524 - Initializing Servlet 'dispatcherServlet'
2020-03-25 15:00:04,154 [http-nio-8080-exec-1] INFO DispatcherServlet:546 - Completed initialization in 6 ms
2020-03-25 15:00:30,025 [DagFetchHelper#dagFetchThread] INFO ScheduleServiceFacade:68 - fetch时间:2020年3月25日15时0分30秒
2020-03-25 15:00:30,028 [DagFetchHelper#dagFetchThread] INFO DagFetchHelper:49 - dagFetchThread ## fetch dag list:[]
2020-03-25 15:01:00,034 [DagFetchHelper#dagFetchThread] INFO ScheduleServiceFacade:68 - fetch时间:2020年3月25日15时1分0秒
2020-03-25 15:01:00,039 [DagFetchHelper#dagFetchThread] INFO DagFetchHelper:49 - dagFetchThread ## fetch dag list:[]
2020-03-25 15:01:30,045 [DagFetchHelper#dagFetchThread] INFO ScheduleServiceFacade:68 - fetch时间:2020年3月25日15时1分30秒
2020-03-25 15:01:30,051 [DagFetchHelper#dagFetchThread] INFO DagFetchHelper:49 - dagFetchThread ## fetch dag list:[]
2020-03-25 15:02:00,057 [DagFetchHelper#dagFetchThread] INFO ScheduleServiceFacade:68 - fetch时间:2020年3月25日15时2分0秒
2020-03-25 15:02:00,061 [DagFetchHelper#dagFetchThread] INFO DagFetchHelper:49 - dagFetchThread ## fetch dag list:[]
2020-03-25 15:02:30,067 [DagFetchHelper#dagFetchThread] INFO ScheduleServiceFacade:68 - fetch时间:2020年3月25日15时2分30秒
2020-03-25 15:02:30,071 [DagFetchHelper#dagFetchThread] INFO DagFetchHelper:49 - dagFetchThread ## fetch dag list:[]
2020-03-25 15:03:00,078 [DagFetchHelper#dagFetchThread] INFO ScheduleServiceFacade:68 - fetch时间:2020年3月25日15时3分0秒
2020-03-25 15:03:00,082 [DagFetchHelper#dagFetchThread] INFO DagFetchHelper:49 - dagFetchThread ## fetch dag list:[]
2020-03-25 15:03:30,089 [DagFetchHelper#dagFetchThread] INFO ScheduleServiceFacade:68 - fetch时间:2020年3月25日15时3分30秒
2020-03-25 15:03:30,092 [DagFetchHelper#dagFetchThread] INFO DagFetchHelper:49 - dagFetchThread ## fetch dag list:[]
2020-03-25 15:04:00,094 [DagFetchHelper#dagFetchThread] INFO ScheduleServiceFacade:68 - fetch时间:2020年3月25日15时4分0秒
2020-03-25 15:04:00,100 [DagFetchHelper#dagFetchThread] INFO DagFetchHelper:49 - dagFetchThread ## fetch dag list:[]
2020-03-25 15:04:30,103 [DagFetchHelper#dagFetchThread] INFO ScheduleServiceFacade:68 - fetch时间:2020年3月25日15时4分30秒
2020-03-25 15:04:30,106 [DagFetchHelper#dagFetchThread] INFO DagFetchHelper:49 - dagFetchThread ## fetch dag list:[]
2020-03-25 15:05:00,112 [DagFetchHelper#dagFetchThread] INFO ScheduleServiceFacade:68 - fetch时间:2020年3月25日15时5分0秒
2020-03-25 15:05:00,115 [DagFetchHelper#dagFetchThread] INFO DagFetchHelper:49 - dagFetchThread ## fetch dag list:[]
2020-03-25 15:05:30,122 [DagFetchHelper#dagFetchThread] INFO ScheduleServiceFacade:68 - fetch时间:2020年3月25日15时5分30秒
2020-03-25 15:05:30,127 [DagFetchHelper#dagFetchThread] INFO DagFetchHelper:49 - dagFetchThread ## fetch dag list:[]
2020-03-25 15:06:00,131 [DagFetchHelper#dagFetchThread] INFO ScheduleServiceFacade:68 - fetch时间:2020年3月25日15时6分0秒
2020-03-25 15:06:00,134 [DagFetchHelper#dagFetchThread] INFO DagFetchHelper:49 - dagFetchThread ## fetch dag list:[]
2020-03-25 15:06:30,140 [DagFetchHelper#dagFetchThread] INFO ScheduleServiceFacade:68 - fetch时间:2020年3月25日15时6分30秒
2020-03-25 15:06:30,143 [DagFetchHelper#dagFetchThread] INFO DagFetchHelper:49 - dagFetchThread ## fetch dag list:[]
2020-03-25 15:07:00,150 [DagFetchHelper#dagFetchThread] INFO ScheduleServiceFacade:68 - fetch时间:2020年3月25日15时7分0秒
2020-03-25 15:07:00,153 [DagFetchHelper#dagFetchThread] INFO DagFetchHelper:49 - dagFetchThread ## fetch dag list:[]
2020-03-25 15:07:30,158 [DagFetchHelper#dagFetchThread] INFO ScheduleServiceFacade:68 - fetch时间:2020年3月25日15时7分30秒
2020-03-25 15:07:30,161 [DagFetchHelper#dagFetchThread] INFO DagFetchHelper:49 - dagFetchThread ## fetch dag list:[]
2020-03-25 15:08:00,168 [DagFetchHelper#dagFetchThread] INFO ScheduleServiceFacade:68 - fetch时间:2020年3月25日15时8分0秒
2020-03-25 15:08:00,171 [DagFetchHelper#dagFetchThread] INFO DagFetchHelper:49 - dagFetchThread ## fetch dag list:[]
2020-03-25 15:08:30,174 [DagFetchHelper#dagFetchThread] INFO ScheduleServiceFacade:68 - fetch时间:2020年3月25日15时8分30秒
2020-03-25 15:08:30,177 [DagFetchHelper#dagFetchThread] INFO DagFetchHelper:49 - dagFetchThread ## fetch dag list:[]
2020-03-25 15:09:00,181 [DagFetchHelper#dagFetchThread] INFO ScheduleServiceFacade:68 - fetch时间:2020年3月25日15时9分0秒
2020-03-25 15:09:00,184 [DagFetchHelper#dagFetchThread] INFO DagFetchHelper:49 - dagFetchThread ## fetch dag list:[]
2020-03-25 15:09:30,187 [DagFetchHelper#dagFetchThread] INFO ScheduleServiceFacade:68 - fetch时间:2020年3月25日15时9分30秒
2020-03-25 15:09:30,191 [DagFetchHelper#dagFetchThread] INFO DagFetchHelper:49 - dagFetchThread ## fetch dag list:[]
2020-03-25 15:10:00,198 [DagFetchHelper#dagFetchThread] INFO ScheduleServiceFacade:68 - fetch时间:2020年3月25日15时10分0秒
2020-03-25 15:10:00,201 [DagFetchHelper#dagFetchThread] INFO DagFetchHelper:49 - dagFetchThread ## fetch dag list:[]
2020-03-25 15:10:30,201 [DagFetchHelper#dagFetchThread] INFO ScheduleServiceFacade:68 - fetch时间:2020年3月25日15时10分30秒
2020-03-25 15:10:30,205 [DagFetchHelper#dagFetchThread] INFO DagFetchHelper:49 - dagFetchThread ## fetch dag list:[]
2020-03-25 15:11:00,212 [DagFetchHelper#dagFetchThread] INFO ScheduleServiceFacade:68 - fetch时间:2020年3月25日15时11分0秒
2020-03-25 15:11:00,215 [DagFetchHelper#dagFetchThread] INFO DagFetchHelper:49 - dagFetchThread ## fetch dag list:[]
2020-03-25 15:11:30,219 [DagFetchHelper#dagFetchThread] INFO ScheduleServiceFacade:68 - fetch时间:2020年3月25日15时11分30秒
2020-03-25 15:11:30,222 [DagFetchHelper#dagFetchThread] INFO DagFetchHelper:49 - dagFetchThread ## fetch dag list:[]
2020-03-25 15:12:00,226 [DagFetchHelper#dagFetchThread] INFO ScheduleServiceFacade:68 - fetch时间:2020年3月25日15时12分0秒
2020-03-25 15:12:00,228 [DagFetchHelper#dagFetchThread] INFO DagFetchHelper:49 - dagFetchThread ## fetch dag list:[]
2020-03-25 15:12:30,235 [DagFetchHelper#dagFetchThread] INFO ScheduleServiceFacade:68 - fetch时间:2020年3月25日15时12分30秒
2020-03-25 15:12:30,238 [DagFetchHelper#dagFetchThread] INFO DagFetchHelper:49 - dagFetchThread ## fetch dag list:[]
2020-03-25 15:13:00,242 [DagFetchHelper#dagFetchThread] INFO ScheduleServiceFacade:68 - fetch时间:2020年3月25日15时13分0秒
2020-03-25 15:13:00,245 [DagFetchHelper#dagFetchThread] INFO DagFetchHelper:49 - dagFetchThread ## fetch dag list:[]
2020-03-25 15:13:30,251 [DagFetchHelper#dagFetchThread] INFO ScheduleServiceFacade:68 - fetch时间:2020年3月25日15时13分30秒
2020-03-25 15:13:30,254 [DagFetchHelper#dagFetchThread] INFO DagFetchHelper:49 - dagFetchThread ## fetch dag list:[]
2020-03-25 15:14:00,257 [DagFetchHelper#dagFetchThread] INFO ScheduleServiceFacade:68 - fetch时间:2020年3月25日15时14分0秒
2020-03-25 15:14:00,259 [DagFetchHelper#dagFetchThread] INFO DagFetchHelper:49 - dagFetchThread ## fetch dag list:[]
2020-03-25 15:14:30,265 [DagFetchHelper#dagFetchThread] INFO ScheduleServiceFacade:68 - fetch时间:2020年3月25日15时14分30秒
2020-03-25 15:14:30,268 [DagFetchHelper#dagFetchThread] INFO DagFetchHelper:49 - dagFetchThread ## fetch dag list:[]
2020-03-25 15:15:00,273 [DagFetchHelper#dagFetchThread] INFO ScheduleServiceFacade:68 - fetch时间:2020年3月25日15时15分0秒
2020-03-25 15:15:00,277 [DagFetchHelper#dagFetchThread] INFO DagFetchHelper:49 - dagFetchThread ## fetch dag list:[]
2020-03-25 15:15:30,283 [DagFetchHelper#dagFetchThread] INFO ScheduleServiceFacade:68 - fetch时间:2020年3月25日15时15分30秒
2020-03-25 15:15:30,285 [DagFetchHelper#dagFetchThread] INFO DagFetchHelper:49 - dagFetchThread ## fetch dag list:[]
2020-03-25 15:15:39,909 [http-nio-8080-exec-8] INFO DongfengCenterAdminController:61 - recv manualTrigger.dagId:2,manualTriggerDagParam:
2020-03-25 15:15:39,914 [DagScheduleHelper#dagScheduleThread] INFO DagScheduleHelper:50 - dagScheduleThread ## dagQueue head dag:DagDto{id=2, dagName='test', dagGroup='test', dagCron='0 0 0 * * ?', status=1, triggerTime=null, param='', alarm='', triggerType=2}
2020-03-25 15:15:39,914 [DagScheduleHelper#dagScheduleThread] INFO DagScheduleHelper:57 - testA##########
2020-03-25 15:15:39,929 [DagScheduleHelper#dagScheduleThread] INFO DagScheduleHelper:61 - testB##########
2020-03-25 15:15:39,931 [DagScheduleHelper#dagScheduleThread] INFO DagScheduleHelper:64 - testC##########
2020-03-25 15:15:39,931 [DagScheduleHelper#dagScheduleThread] INFO DagScheduleHelper:66 - testD##########
2020-03-25 15:15:39,932 [DagScheduleHelper#dagScheduleThread] INFO DagScheduleHelper:68 - testE###########
2020-03-25 15:15:39,935 [DagScheduleHelper#dagScheduleThread] INFO DagScheduleHelper:71 - testF##########
2020-03-25 15:15:39,953 [DagScheduleHelper#dagScheduleThread] INFO ScheduleServiceFacade:133 - job route,executorDtoList:[],executor:null
2020-03-25 15:15:39,956 [DagScheduleHelper#dagScheduleThread] INFO ScheduleServiceFacade:211 - job schedule err.executor route rs is null
java.lang.RuntimeException: executor route rs is null
	at com.simba.dongfeng.center.core.ScheduleServiceFacade.scheduleJob(ScheduleServiceFacade.java:200)
	at com.simba.dongfeng.center.core.ScheduleServiceFacade$$FastClassBySpringCGLIB$$6bd30795.invoke(<generated>)
	at org.springframework.cglib.proxy.MethodProxy.invoke(MethodProxy.java:218)
	at org.springframework.aop.framework.CglibAopProxy$DynamicAdvisedInterceptor.intercept(CglibAopProxy.java:684)
	at com.simba.dongfeng.center.core.ScheduleServiceFacade$$EnhancerBySpringCGLIB$$b3e051ef.scheduleJob(<generated>)
	at com.simba.dongfeng.center.thread.DagScheduleHelper$1.run(DagScheduleHelper.java:75)
2020-03-25 15:15:39,957 [DagScheduleHelper#dagScheduleThread] INFO ScheduleServiceFacade:213 - job schedule retry:1,job:JobDto{id=7, jobName='test_task_a', jobType=2, shardingCnt=1, dagId=2, scheduleType='assign', launchCommand='sh /data/app/dongfeng-executor/sh_repo/test_job_a.sh', assignIp='192.168.2.218', parentJobIds='null'},executor:null
2020-03-25 15:15:39,978 [DagScheduleHelper#dagScheduleThread] INFO ScheduleServiceFacade:133 - job route,executorDtoList:[],executor:null
2020-03-25 15:15:39,978 [DagScheduleHelper#dagScheduleThread] INFO ScheduleServiceFacade:211 - job schedule err.executor route rs is null
java.lang.RuntimeException: executor route rs is null
	at com.simba.dongfeng.center.core.ScheduleServiceFacade.scheduleJob(ScheduleServiceFacade.java:200)
	at com.simba.dongfeng.center.core.ScheduleServiceFacade$$FastClassBySpringCGLIB$$6bd30795.invoke(<generated>)
	at org.springframework.cglib.proxy.MethodProxy.invoke(MethodProxy.java:218)
	at org.springframework.aop.framework.CglibAopProxy$DynamicAdvisedInterceptor.intercept(CglibAopProxy.java:684)
	at com.simba.dongfeng.center.core.ScheduleServiceFacade$$EnhancerBySpringCGLIB$$b3e051ef.scheduleJob(<generated>)
	at com.simba.dongfeng.center.thread.DagScheduleHelper$1.run(DagScheduleHelper.java:75)
2020-03-25 15:15:39,978 [DagScheduleHelper#dagScheduleThread] INFO ScheduleServiceFacade:213 - job schedule retry:2,job:JobDto{id=7, jobName='test_task_a', jobType=2, shardingCnt=1, dagId=2, scheduleType='assign', launchCommand='sh /data/app/dongfeng-executor/sh_repo/test_job_a.sh', assignIp='192.168.2.218', parentJobIds='null'},executor:null
2020-03-25 15:15:39,982 [DagScheduleHelper#dagScheduleThread] INFO ScheduleServiceFacade:133 - job route,executorDtoList:[],executor:null
2020-03-25 15:15:39,982 [DagScheduleHelper#dagScheduleThread] INFO ScheduleServiceFacade:211 - job schedule err.executor route rs is null
java.lang.RuntimeException: executor route rs is null
	at com.simba.dongfeng.center.core.ScheduleServiceFacade.scheduleJob(ScheduleServiceFacade.java:200)
	at com.simba.dongfeng.center.core.ScheduleServiceFacade$$FastClassBySpringCGLIB$$6bd30795.invoke(<generated>)
	at org.springframework.cglib.proxy.MethodProxy.invoke(MethodProxy.java:218)
	at org.springframework.aop.framework.CglibAopProxy$DynamicAdvisedInterceptor.intercept(CglibAopProxy.java:684)
	at com.simba.dongfeng.center.core.ScheduleServiceFacade$$EnhancerBySpringCGLIB$$b3e051ef.scheduleJob(<generated>)
	at com.simba.dongfeng.center.thread.DagScheduleHelper$1.run(DagScheduleHelper.java:75)
2020-03-25 15:15:55,838 [http-nio-8080-exec-8] INFO DongfengCenterAdminController:61 - recv manualTrigger.dagId:7,manualTriggerDagParam:
2020-03-25 15:15:55,842 [DagScheduleHelper#dagScheduleThread] INFO DagScheduleHelper:50 - dagScheduleThread ## dagQueue head dag:DagDto{id=7, dagName='ttttt', dagGroup='ttttt', dagCron='0 0 0 * * ?', status=1, triggerTime=null, param='', alarm='hhh,jjjj', triggerType=2}
2020-03-25 15:15:55,843 [DagScheduleHelper#dagScheduleThread] INFO DagScheduleHelper:57 - testA##########
2020-03-25 15:15:55,845 [DagScheduleHelper#dagScheduleThread] INFO DagScheduleHelper:61 - testB##########
2020-03-25 15:15:55,848 [DagScheduleHelper#dagScheduleThread] INFO DagScheduleHelper:64 - testC##########
2020-03-25 15:15:55,848 [DagScheduleHelper#dagScheduleThread] INFO DagScheduleHelper:66 - testD##########
2020-03-25 15:16:00,292 [DagFetchHelper#dagFetchThread] INFO ScheduleServiceFacade:68 - fetch时间:2020年3月25日15时16分0秒
2020-03-25 15:16:00,295 [DagFetchHelper#dagFetchThread] INFO DagFetchHelper:49 - dagFetchThread ## fetch dag list:[]
2020-03-25 15:16:06,908 [http-nio-8080-exec-1] INFO DongfengCenterAdminController:72 - recv manualInterrupt.dagLogId:91
2020-03-25 15:16:30,300 [DagFetchHelper#dagFetchThread] INFO ScheduleServiceFacade:68 - fetch时间:2020年3月25日15时16分30秒
2020-03-25 15:16:30,303 [DagFetchHelper#dagFetchThread] INFO DagFetchHelper:49 - dagFetchThread ## fetch dag list:[]
2020-03-25 15:17:00,306 [DagFetchHelper#dagFetchThread] INFO ScheduleServiceFacade:68 - fetch时间:2020年3月25日15时17分0秒
2020-03-25 15:17:00,309 [DagFetchHelper#dagFetchThread] INFO DagFetchHelper:49 - dagFetchThread ## fetch dag list:[]
2020-03-25 15:17:30,314 [DagFetchHelper#dagFetchThread] INFO ScheduleServiceFacade:68 - fetch时间:2020年3月25日15时17分30秒
2020-03-25 15:17:30,317 [DagFetchHelper#dagFetchThread] INFO DagFetchHelper:49 - dagFetchThread ## fetch dag list:[]
2020-03-25 15:18:00,323 [DagFetchHelper#dagFetchThread] INFO ScheduleServiceFacade:68 - fetch时间:2020年3月25日15时18分0秒
2020-03-25 15:18:00,325 [DagFetchHelper#dagFetchThread] INFO DagFetchHelper:49 - dagFetchThread ## fetch dag list:[]
2020-03-25 15:18:30,332 [DagFetchHelper#dagFetchThread] INFO ScheduleServiceFacade:68 - fetch时间:2020年3月25日15时18分30秒
2020-03-25 15:18:30,335 [DagFetchHelper#dagFetchThread] INFO DagFetchHelper:49 - dagFetchThread ## fetch dag list:[]
2020-03-25 15:19:00,341 [DagFetchHelper#dagFetchThread] INFO ScheduleServiceFacade:68 - fetch时间:2020年3月25日15时19分0秒
2020-03-25 15:19:00,343 [DagFetchHelper#dagFetchThread] INFO DagFetchHelper:49 - dagFetchThread ## fetch dag list:[]
2020-03-25 15:19:30,347 [DagFetchHelper#dagFetchThread] INFO ScheduleServiceFacade:68 - fetch时间:2020年3月25日15时19分30秒
2020-03-25 15:19:30,349 [DagFetchHelper#dagFetchThread] INFO DagFetchHelper:49 - dagFetchThread ## fetch dag list:[]
2020-03-25 15:20:00,355 [DagFetchHelper#dagFetchThread] INFO ScheduleServiceFacade:68 - fetch时间:2020年3月25日15时20分0秒
2020-03-25 15:20:00,359 [DagFetchHelper#dagFetchThread] INFO DagFetchHelper:49 - dagFetchThread ## fetch dag list:[]
2020-03-25 15:20:30,364 [DagFetchHelper#dagFetchThread] INFO ScheduleServiceFacade:68 - fetch时间:2020年3月25日15时20分30秒
2020-03-25 15:20:30,367 [DagFetchHelper#dagFetchThread] INFO DagFetchHelper:49 - dagFetchThread ## fetch dag list:[]
2020-03-25 15:21:00,373 [DagFetchHelper#dagFetchThread] INFO ScheduleServiceFacade:68 - fetch时间:2020年3月25日15时21分0秒
2020-03-25 15:21:00,378 [DagFetchHelper#dagFetchThread] INFO DagFetchHelper:49 - dagFetchThread ## fetch dag list:[]
2020-03-25 15:21:30,382 [DagFetchHelper#dagFetchThread] INFO ScheduleServiceFacade:68 - fetch时间:2020年3月25日15时21分30秒
2020-03-25 15:21:30,384 [DagFetchHelper#dagFetchThread] INFO DagFetchHelper:49 - dagFetchThread ## fetch dag list:[]
2020-03-25 15:22:00,386 [DagFetchHelper#dagFetchThread] INFO ScheduleServiceFacade:68 - fetch时间:2020年3月25日15时22分0秒
2020-03-25 15:22:00,391 [DagFetchHelper#dagFetchThread] INFO DagFetchHelper:49 - dagFetchThread ## fetch dag list:[]
2020-03-25 15:22:30,395 [DagFetchHelper#dagFetchThread] INFO ScheduleServiceFacade:68 - fetch时间:2020年3月25日15时22分30秒
2020-03-25 15:22:30,398 [DagFetchHelper#dagFetchThread] INFO DagFetchHelper:49 - dagFetchThread ## fetch dag list:[]
2020-03-25 15:23:00,405 [DagFetchHelper#dagFetchThread] INFO ScheduleServiceFacade:68 - fetch时间:2020年3月25日15时23分0秒
2020-03-25 15:23:00,407 [DagFetchHelper#dagFetchThread] INFO DagFetchHelper:49 - dagFetchThread ## fetch dag list:[]
2020-03-25 15:23:30,414 [DagFetchHelper#dagFetchThread] INFO ScheduleServiceFacade:68 - fetch时间:2020年3月25日15时23分30秒
2020-03-25 15:23:30,416 [DagFetchHelper#dagFetchThread] INFO DagFetchHelper:49 - dagFetchThread ## fetch dag list:[]
2020-03-25 15:24:00,423 [DagFetchHelper#dagFetchThread] INFO ScheduleServiceFacade:68 - fetch时间:2020年3月25日15时24分0秒
2020-03-25 15:24:00,427 [DagFetchHelper#dagFetchThread] INFO DagFetchHelper:49 - dagFetchThread ## fetch dag list:[]
2020-03-25 15:24:30,431 [DagFetchHelper#dagFetchThread] INFO ScheduleServiceFacade:68 - fetch时间:2020年3月25日15时24分30秒
2020-03-25 15:24:30,436 [DagFetchHelper#dagFetchThread] INFO DagFetchHelper:49 - dagFetchThread ## fetch dag list:[]
2020-03-25 15:25:00,441 [DagFetchHelper#dagFetchThread] INFO ScheduleServiceFacade:68 - fetch时间:2020年3月25日15时25分0秒
2020-03-25 15:25:00,443 [DagFetchHelper#dagFetchThread] INFO DagFetchHelper:49 - dagFetchThread ## fetch dag list:[]
2020-03-25 15:25:30,450 [DagFetchHelper#dagFetchThread] INFO ScheduleServiceFacade:68 - fetch时间:2020年3月25日15时25分30秒
2020-03-25 15:25:30,454 [DagFetchHelper#dagFetchThread] INFO DagFetchHelper:49 - dagFetchThread ## fetch dag list:[]
2020-03-25 15:26:00,457 [DagFetchHelper#dagFetchThread] INFO ScheduleServiceFacade:68 - fetch时间:2020年3月25日15时26分0秒
2020-03-25 15:26:00,462 [DagFetchHelper#dagFetchThread] INFO DagFetchHelper:49 - dagFetchThread ## fetch dag list:[]
2020-03-25 15:26:30,466 [DagFetchHelper#dagFetchThread] INFO ScheduleServiceFacade:68 - fetch时间:2020年3月25日15时26分30秒
2020-03-25 15:26:30,469 [DagFetchHelper#dagFetchThread] INFO DagFetchHelper:49 - dagFetchThread ## fetch dag list:[]
2020-03-25 15:27:00,471 [DagFetchHelper#dagFetchThread] INFO ScheduleServiceFacade:68 - fetch时间:2020年3月25日15时27分0秒
2020-03-25 15:27:00,474 [DagFetchHelper#dagFetchThread] INFO DagFetchHelper:49 - dagFetchThread ## fetch dag list:[]
2020-03-25 15:27:30,480 [DagFetchHelper#dagFetchThread] INFO ScheduleServiceFacade:68 - fetch时间:2020年3月25日15时27分30秒
2020-03-25 15:27:30,484 [DagFetchHelper#dagFetchThread] INFO DagFetchHelper:49 - dagFetchThread ## fetch dag list:[]
2020-03-25 15:28:00,488 [DagFetchHelper#dagFetchThread] INFO ScheduleServiceFacade:68 - fetch时间:2020年3月25日15时28分0秒
2020-03-25 15:28:00,490 [DagFetchHelper#dagFetchThread] INFO DagFetchHelper:49 - dagFetchThread ## fetch dag list:[]
2020-03-25 15:28:30,495 [DagFetchHelper#dagFetchThread] INFO ScheduleServiceFacade:68 - fetch时间:2020年3月25日15时28分30秒
2020-03-25 15:28:30,499 [DagFetchHelper#dagFetchThread] INFO DagFetchHelper:49 - dagFetchThread ## fetch dag list:[]
2020-03-25 15:29:00,503 [DagFetchHelper#dagFetchThread] INFO ScheduleServiceFacade:68 - fetch时间:2020年3月25日15时29分0秒
2020-03-25 15:29:00,505 [DagFetchHelper#dagFetchThread] INFO DagFetchHelper:49 - dagFetchThread ## fetch dag list:[]
2020-03-25 15:29:30,512 [DagFetchHelper#dagFetchThread] INFO ScheduleServiceFacade:68 - fetch时间:2020年3月25日15时29分30秒
2020-03-25 15:29:30,514 [DagFetchHelper#dagFetchThread] INFO DagFetchHelper:49 - dagFetchThread ## fetch dag list:[]
2020-03-25 15:30:00,521 [DagFetchHelper#dagFetchThread] INFO ScheduleServiceFacade:68 - fetch时间:2020年3月25日15时30分0秒
2020-03-25 15:30:00,523 [DagFetchHelper#dagFetchThread] INFO DagFetchHelper:49 - dagFetchThread ## fetch dag list:[]
2020-03-25 15:30:30,529 [DagFetchHelper#dagFetchThread] INFO ScheduleServiceFacade:68 - fetch时间:2020年3月25日15时30分30秒
2020-03-25 15:30:30,532 [DagFetchHelper#dagFetchThread] INFO DagFetchHelper:49 - dagFetchThread ## fetch dag list:[]
2020-03-25 15:31:00,540 [DagFetchHelper#dagFetchThread] INFO ScheduleServiceFacade:68 - fetch时间:2020年3月25日15时31分0秒
2020-03-25 15:31:00,542 [DagFetchHelper#dagFetchThread] INFO DagFetchHelper:49 - dagFetchThread ## fetch dag list:[]
2020-03-25 15:31:30,553 [DagFetchHelper#dagFetchThread] INFO ScheduleServiceFacade:68 - fetch时间:2020年3月25日15时31分30秒
2020-03-25 15:31:30,556 [DagFetchHelper#dagFetchThread] INFO DagFetchHelper:49 - dagFetchThread ## fetch dag list:[]
2020-03-25 15:32:00,562 [DagFetchHelper#dagFetchThread] INFO ScheduleServiceFacade:68 - fetch时间:2020年3月25日15时32分0秒
2020-03-25 15:32:00,565 [DagFetchHelper#dagFetchThread] INFO DagFetchHelper:49 - dagFetchThread ## fetch dag list:[]
2020-03-25 15:32:30,568 [DagFetchHelper#dagFetchThread] INFO ScheduleServiceFacade:68 - fetch时间:2020年3月25日15时32分30秒
2020-03-25 15:32:30,570 [DagFetchHelper#dagFetchThread] INFO DagFetchHelper:49 - dagFetchThread ## fetch dag list:[]
2020-03-25 15:33:00,576 [DagFetchHelper#dagFetchThread] INFO ScheduleServiceFacade:68 - fetch时间:2020年3月25日15时33分0秒
2020-03-25 15:33:00,581 [DagFetchHelper#dagFetchThread] INFO DagFetchHelper:49 - dagFetchThread ## fetch dag list:[]
2020-03-25 15:33:30,584 [DagFetchHelper#dagFetchThread] INFO ScheduleServiceFacade:68 - fetch时间:2020年3月25日15时33分30秒
2020-03-25 15:33:30,587 [DagFetchHelper#dagFetchThread] INFO DagFetchHelper:49 - dagFetchThread ## fetch dag list:[]
2020-03-25 15:34:00,594 [DagFetchHelper#dagFetchThread] INFO ScheduleServiceFacade:68 - fetch时间:2020年3月25日15时34分0秒
2020-03-25 15:34:00,598 [DagFetchHelper#dagFetchThread] INFO DagFetchHelper:49 - dagFetchThread ## fetch dag list:[]
2020-03-25 15:34:30,609 [DagFetchHelper#dagFetchThread] INFO ScheduleServiceFacade:68 - fetch时间:2020年3月25日15时34分30秒
2020-03-25 15:34:30,611 [DagFetchHelper#dagFetchThread] INFO DagFetchHelper:49 - dagFetchThread ## fetch dag list:[]
2020-03-25 15:35:00,618 [DagFetchHelper#dagFetchThread] INFO ScheduleServiceFacade:68 - fetch时间:2020年3月25日15时35分0秒
2020-03-25 15:35:00,620 [DagFetchHelper#dagFetchThread] INFO DagFetchHelper:49 - dagFetchThread ## fetch dag list:[]
2020-03-25 15:35:30,627 [DagFetchHelper#dagFetchThread] INFO ScheduleServiceFacade:68 - fetch时间:2020年3月25日15时35分30秒
2020-03-25 15:35:30,631 [DagFetchHelper#dagFetchThread] INFO DagFetchHelper:49 - dagFetchThread ## fetch dag list:[]
2020-03-25 15:36:00,635 [DagFetchHelper#dagFetchThread] INFO ScheduleServiceFacade:68 - fetch时间:2020年3月25日15时36分0秒
2020-03-25 15:36:00,637 [DagFetchHelper#dagFetchThread] INFO DagFetchHelper:49 - dagFetchThread ## fetch dag list:[]
2020-03-25 15:36:30,640 [DagFetchHelper#dagFetchThread] INFO ScheduleServiceFacade:68 - fetch时间:2020年3月25日15时36分30秒
2020-03-25 15:36:30,645 [DagFetchHelper#dagFetchThread] INFO DagFetchHelper:49 - dagFetchThread ## fetch dag list:[]
2020-03-25 15:36:55,559 [Thread-15] INFO ThreadPoolTaskExecutor:208 - Shutting down ExecutorService 'applicationTaskExecutor'
2020-03-25 15:36:55,580 [Thread-15] INFO DruidDataSource:1948 - {dataSource-1} closing ...
2020-03-25 15:36:55,584 [Thread-15] INFO DruidDataSource:2020 - {dataSource-1} closed
2020-03-25 15:37:07,612 [main] INFO DongfengCenterApplication:50 - Starting DongfengCenterApplication on localhost with PID 43096 (/Users/simbahjf/IdeaProjects/dongfeng/dongfeng-center/target/classes started by simbahjf in /Users/simbahjf/IdeaProjects/dongfeng)
2020-03-25 15:37:07,616 [main] INFO DongfengCenterApplication:647 - No active profile set, falling back to default profiles: default
2020-03-25 15:37:08,461 [main] INFO RepositoryConfigurationDelegate:244 - Multiple Spring Data modules found, entering strict repository configuration mode!
2020-03-25 15:37:08,463 [main] INFO RepositoryConfigurationDelegate:126 - Bootstrapping Spring Data repositories in DEFAULT mode.
2020-03-25 15:37:08,499 [main] INFO RepositoryConfigurationDelegate:182 - Finished Spring Data repository scanning in 21ms. Found 0 repository interfaces.
2020-03-25 15:37:08,862 [main] INFO PostProcessorRegistrationDelegate$BeanPostProcessorChecker:330 - Bean 'org.springframework.transaction.annotation.ProxyTransactionManagementConfiguration' of type [org.springframework.transaction.annotation.ProxyTransactionManagementConfiguration$$EnhancerBySpringCGLIB$$aa5385b6] is not eligible for getting processed by all BeanPostProcessors (for example: not eligible for auto-proxying)
2020-03-25 15:37:09,115 [main] INFO TomcatWebServer:90 - Tomcat initialized with port(s): 8080 (http)
2020-03-25 15:37:09,147 [main] INFO Http11NioProtocol:173 - Initializing ProtocolHandler ["http-nio-8080"]
2020-03-25 15:37:09,156 [main] INFO StandardService:173 - Starting service [Tomcat]
2020-03-25 15:37:09,157 [main] INFO StandardEngine:173 - Starting Servlet engine: [Apache Tomcat/9.0.22]
2020-03-25 15:37:09,244 [main] INFO [/dongfeng]:173 - Initializing Spring embedded WebApplicationContext
2020-03-25 15:37:09,245 [main] INFO ContextLoader:284 - Root WebApplicationContext: initialization completed in 1516 ms
2020-03-25 15:37:10,073 [main] INFO ThreadPoolTaskExecutor:171 - Initializing ExecutorService 'applicationTaskExecutor'
2020-03-25 15:37:10,159 [main] INFO WelcomePageHandlerMapping:58 - Adding welcome page template: index
2020-03-25 15:37:10,347 [ExpireLogClearHelper#expireLogClearThread] INFO DruidDataSource:1003 - {dataSource-1} inited
2020-03-25 15:37:10,350 [DagFetchHelper#dagFetchThread] INFO ScheduleServiceFacade:68 - fetch时间:2020年3月25日15时37分10秒
2020-03-25 15:37:10,449 [DagFetchHelper#dagFetchThread] INFO DagFetchHelper:49 - dagFetchThread ## fetch dag list:[]
2020-03-25 15:37:10,547 [main] INFO Http11NioProtocol:173 - Starting ProtocolHandler ["http-nio-8080"]
2020-03-25 15:37:10,593 [main] INFO TomcatWebServer:202 - Tomcat started on port(s): 8080 (http) with context path '/dongfeng'
2020-03-25 15:37:10,596 [main] INFO DongfengCenterApplication:59 - Started DongfengCenterApplication in 3.859 seconds (JVM running for 4.849)
2020-03-25 15:37:40,455 [DagFetchHelper#dagFetchThread] INFO ScheduleServiceFacade:68 - fetch时间:2020年3月25日15时37分40秒
2020-03-25 15:37:40,459 [DagFetchHelper#dagFetchThread] INFO DagFetchHelper:49 - dagFetchThread ## fetch dag list:[]
2020-03-25 15:37:55,171 [http-nio-8080-exec-1] INFO [/dongfeng]:173 - Initializing Spring DispatcherServlet 'dispatcherServlet'
2020-03-25 15:37:55,172 [http-nio-8080-exec-1] INFO DispatcherServlet:524 - Initializing Servlet 'dispatcherServlet'
2020-03-25 15:37:55,177 [http-nio-8080-exec-1] INFO DispatcherServlet:546 - Completed initialization in 5 ms
2020-03-25 15:38:10,464 [DagFetchHelper#dagFetchThread] INFO ScheduleServiceFacade:68 - fetch时间:2020年3月25日15时38分10秒
2020-03-25 15:38:10,467 [DagFetchHelper#dagFetchThread] INFO DagFetchHelper:49 - dagFetchThread ## fetch dag list:[]
2020-03-25 15:38:36,746 [http-nio-8080-exec-4] INFO DongfengCenterAdminController:61 - recv manualTrigger.dagId:7,manualTriggerDagParam:
2020-03-25 15:38:36,750 [DagScheduleHelper#dagScheduleThread] INFO DagScheduleHelper:52 - dagScheduleThread ## dagQueue head dag:DagDto{id=7, dagName='ttttt', dagGroup='ttttt', dagCron='0 0 0 * * ?', status=1, triggerTime=null, param='', alarm='hujunfei@kanzhun.com', triggerType=2}
2020-03-25 15:38:37,656 [DagScheduleHelper#dagScheduleThread] INFO AlarmUtils:64 - send message to alarm succeed!, response={"status": "ok", "msg": ["sms{\"code\": 0, \"success\": true, \"invalid\": false, \"failed\": false, \"transferToSingle\": false, \"msg\": \"\\u52a0\\u5165\\u961f\\u5217\\u6210\\u529f\"}", "email{\"status\": \"ok\", \"msg\": \"\\u6210\\u529f\\u52a0\\u5165\\u90ae\\u4ef6\\u961f\\u5217\"}", "bosshi{\"status\": \"ok\", \"msg\": {\"msg\": \"\\u6210\\u529f\", \"code\": 0}}"]}
2020-03-25 15:38:40,473 [DagFetchHelper#dagFetchThread] INFO ScheduleServiceFacade:68 - fetch时间:2020年3月25日15时38分40秒
2020-03-25 15:38:40,477 [DagFetchHelper#dagFetchThread] INFO DagFetchHelper:49 - dagFetchThread ## fetch dag list:[]
2020-03-25 15:39:10,483 [DagFetchHelper#dagFetchThread] INFO ScheduleServiceFacade:68 - fetch时间:2020年3月25日15时39分10秒
2020-03-25 15:39:10,486 [DagFetchHelper#dagFetchThread] INFO DagFetchHelper:49 - dagFetchThread ## fetch dag list:[]
2020-03-25 15:39:21,229 [http-nio-8080-exec-1] INFO DongfengCenterAdminController:61 - recv manualTrigger.dagId:7,manualTriggerDagParam:
2020-03-25 15:39:21,232 [DagScheduleHelper#dagScheduleThread] INFO DagScheduleHelper:52 - dagScheduleThread ## dagQueue head dag:DagDto{id=7, dagName='ttttt', dagGroup='ttttt', dagCron='0 0 0 * * ?', status=1, triggerTime=null, param='', alarm='hujunfei@kanzhun.com', triggerType=2}
2020-03-25 15:39:21,542 [DagScheduleHelper#dagScheduleThread] INFO AlarmUtils:64 - send message to alarm succeed!, response={"status": "ok", "msg": ["sms{\"code\": 0, \"success\": true, \"invalid\": false, \"failed\": false, \"transferToSingle\": false, \"msg\": \"\\u52a0\\u5165\\u961f\\u5217\\u6210\\u529f\"}", "email{\"status\": \"ok\", \"msg\": \"\\u6210\\u529f\\u52a0\\u5165\\u90ae\\u4ef6\\u961f\\u5217\"}", "bosshi{\"status\": \"ok\", \"msg\": {\"msg\": \"\\u6210\\u529f\", \"code\": 0}}"]}
2020-03-25 15:39:40,488 [DagFetchHelper#dagFetchThread] INFO ScheduleServiceFacade:68 - fetch时间:2020年3月25日15时39分40秒
2020-03-25 15:39:40,491 [DagFetchHelper#dagFetchThread] INFO DagFetchHelper:49 - dagFetchThread ## fetch dag list:[]
2020-03-25 15:40:10,481 [DagFetchHelper#dagFetchThread] INFO ScheduleServiceFacade:68 - fetch时间:2020年3月25日15时40分10秒
2020-03-25 15:40:10,485 [DagFetchHelper#dagFetchThread] INFO DagFetchHelper:49 - dagFetchThread ## fetch dag list:[]
2020-03-25 15:40:26,912 [Thread-15] INFO ThreadPoolTaskExecutor:208 - Shutting down ExecutorService 'applicationTaskExecutor'
2020-03-25 15:40:26,933 [Thread-15] INFO DruidDataSource:1948 - {dataSource-1} closing ...
2020-03-25 15:40:26,938 [Thread-15] INFO DruidDataSource:2020 - {dataSource-1} closed
2020-03-25 15:40:33,404 [main] INFO DongfengCenterApplication:50 - Starting DongfengCenterApplication on localhost with PID 43718 (/Users/simbahjf/IdeaProjects/dongfeng/dongfeng-center/target/classes started by simbahjf in /Users/simbahjf/IdeaProjects/dongfeng)
2020-03-25 15:40:33,423 [main] INFO DongfengCenterApplication:647 - No active profile set, falling back to default profiles: default
2020-03-25 15:40:34,267 [main] INFO RepositoryConfigurationDelegate:244 - Multiple Spring Data modules found, entering strict repository configuration mode!
2020-03-25 15:40:34,269 [main] INFO RepositoryConfigurationDelegate:126 - Bootstrapping Spring Data repositories in DEFAULT mode.
2020-03-25 15:40:34,302 [main] INFO RepositoryConfigurationDelegate:182 - Finished Spring Data repository scanning in 20ms. Found 0 repository interfaces.
2020-03-25 15:40:34,633 [main] INFO PostProcessorRegistrationDelegate$BeanPostProcessorChecker:330 - Bean 'org.springframework.transaction.annotation.ProxyTransactionManagementConfiguration' of type [org.springframework.transaction.annotation.ProxyTransactionManagementConfiguration$$EnhancerBySpringCGLIB$$333c1d5b] is not eligible for getting processed by all BeanPostProcessors (for example: not eligible for auto-proxying)
2020-03-25 15:40:34,903 [main] INFO TomcatWebServer:90 - Tomcat initialized with port(s): 8080 (http)
2020-03-25 15:40:34,916 [main] INFO Http11NioProtocol:173 - Initializing ProtocolHandler ["http-nio-8080"]
2020-03-25 15:40:34,924 [main] INFO StandardService:173 - Starting service [Tomcat]
2020-03-25 15:40:34,924 [main] INFO StandardEngine:173 - Starting Servlet engine: [Apache Tomcat/9.0.22]
2020-03-25 15:40:35,013 [main] INFO [/dongfeng]:173 - Initializing Spring embedded WebApplicationContext
2020-03-25 15:40:35,013 [main] INFO ContextLoader:284 - Root WebApplicationContext: initialization completed in 1470 ms
2020-03-25 15:40:35,778 [main] INFO ThreadPoolTaskExecutor:171 - Initializing ExecutorService 'applicationTaskExecutor'
2020-03-25 15:40:35,870 [main] INFO WelcomePageHandlerMapping:58 - Adding welcome page template: index
2020-03-25 15:40:36,043 [ExpireLogClearHelper#expireLogClearThread] INFO DruidDataSource:1003 - {dataSource-1} inited
2020-03-25 15:40:36,060 [DagFetchHelper#dagFetchThread] INFO ScheduleServiceFacade:68 - fetch时间:2020年3月25日15时40分36秒
2020-03-25 15:40:36,132 [DagFetchHelper#dagFetchThread] INFO DagFetchHelper:49 - dagFetchThread ## fetch dag list:[]
2020-03-25 15:40:36,271 [main] INFO Http11NioProtocol:173 - Starting ProtocolHandler ["http-nio-8080"]
2020-03-25 15:40:36,330 [main] INFO TomcatWebServer:202 - Tomcat started on port(s): 8080 (http) with context path '/dongfeng'
2020-03-25 15:40:36,334 [main] INFO DongfengCenterApplication:59 - Started DongfengCenterApplication in 3.699 seconds (JVM running for 4.889)
2020-03-25 15:41:06,131 [DagFetchHelper#dagFetchThread] INFO ScheduleServiceFacade:68 - fetch时间:2020年3月25日15时41分6秒
2020-03-25 15:41:06,135 [DagFetchHelper#dagFetchThread] INFO DagFetchHelper:49 - dagFetchThread ## fetch dag list:[]
2020-03-25 15:41:24,934 [http-nio-8080-exec-1] INFO [/dongfeng]:173 - Initializing Spring DispatcherServlet 'dispatcherServlet'
2020-03-25 15:41:24,935 [http-nio-8080-exec-1] INFO DispatcherServlet:524 - Initializing Servlet 'dispatcherServlet'
2020-03-25 15:41:24,941 [http-nio-8080-exec-1] INFO DispatcherServlet:546 - Completed initialization in 6 ms
2020-03-25 15:41:35,522 [http-nio-8080-exec-7] INFO DongfengCenterAdminController:61 - recv manualTrigger.dagId:7,manualTriggerDagParam:
2020-03-25 15:41:35,526 [DagScheduleHelper#dagScheduleThread] INFO DagScheduleHelper:52 - dagScheduleThread ## dagQueue head dag:DagDto{id=7, dagName='ttttt', dagGroup='ttttt', dagCron='0 0 0 * * ?', status=1, triggerTime=null, param='', alarm='hujunfei@kanzhun.com', triggerType=2}
2020-03-25 15:41:36,095 [DagScheduleHelper#dagScheduleThread] INFO AlarmUtils:64 - send message to alarm succeed!, response={"status": "ok", "msg": ["sms{\"code\": 0, \"success\": true, \"invalid\": false, \"failed\": false, \"transferToSingle\": false, \"msg\": \"\\u52a0\\u5165\\u961f\\u5217\\u6210\\u529f\"}", "email{\"status\": \"ok\", \"msg\": \"\\u6210\\u529f\\u52a0\\u5165\\u90ae\\u4ef6\\u961f\\u5217\"}", "bosshi{\"status\": \"ok\", \"msg\": {\"msg\": \"\\u6210\\u529f\", \"code\": 0}}"]}
2020-03-25 15:41:36,141 [DagFetchHelper#dagFetchThread] INFO ScheduleServiceFacade:68 - fetch时间:2020年3月25日15时41分36秒
2020-03-25 15:41:36,144 [DagFetchHelper#dagFetchThread] INFO DagFetchHelper:49 - dagFetchThread ## fetch dag list:[]
2020-03-25 15:42:06,148 [DagFetchHelper#dagFetchThread] INFO ScheduleServiceFacade:68 - fetch时间:2020年3月25日15时42分6秒
2020-03-25 15:42:06,152 [DagFetchHelper#dagFetchThread] INFO DagFetchHelper:49 - dagFetchThread ## fetch dag list:[]
2020-03-25 15:42:36,154 [DagFetchHelper#dagFetchThread] INFO ScheduleServiceFacade:68 - fetch时间:2020年3月25日15时42分36秒
2020-03-25 15:42:36,159 [DagFetchHelper#dagFetchThread] INFO DagFetchHelper:49 - dagFetchThread ## fetch dag list:[]
2020-03-25 15:42:49,032 [Thread-15] INFO ThreadPoolTaskExecutor:208 - Shutting down ExecutorService 'applicationTaskExecutor'
2020-03-25 15:42:49,061 [Thread-15] INFO DruidDataSource:1948 - {dataSource-1} closing ...
2020-03-25 15:42:49,066 [Thread-15] INFO DruidDataSource:2020 - {dataSource-1} closed
2020-03-25 15:42:54,197 [main] INFO DongfengCenterApplication:50 - Starting DongfengCenterApplication on localhost with PID 44189 (/Users/simbahjf/IdeaProjects/dongfeng/dongfeng-center/target/classes started by simbahjf in /Users/simbahjf/IdeaProjects/dongfeng)
2020-03-25 15:42:54,202 [main] INFO DongfengCenterApplication:647 - No active profile set, falling back to default profiles: default
2020-03-25 15:42:55,194 [main] INFO RepositoryConfigurationDelegate:244 - Multiple Spring Data modules found, entering strict repository configuration mode!
2020-03-25 15:42:55,196 [main] INFO RepositoryConfigurationDelegate:126 - Bootstrapping Spring Data repositories in DEFAULT mode.
2020-03-25 15:42:55,229 [main] INFO RepositoryConfigurationDelegate:182 - Finished Spring Data repository scanning in 20ms. Found 0 repository interfaces.
2020-03-25 15:42:55,577 [main] INFO PostProcessorRegistrationDelegate$BeanPostProcessorChecker:330 - Bean 'org.springframework.transaction.annotation.ProxyTransactionManagementConfiguration' of type [org.springframework.transaction.annotation.ProxyTransactionManagementConfiguration$$EnhancerBySpringCGLIB$$e92ee562] is not eligible for getting processed by all BeanPostProcessors (for example: not eligible for auto-proxying)
2020-03-25 15:42:55,863 [main] INFO TomcatWebServer:90 - Tomcat initialized with port(s): 8080 (http)
2020-03-25 15:42:55,876 [main] INFO Http11NioProtocol:173 - Initializing ProtocolHandler ["http-nio-8080"]
2020-03-25 15:42:55,884 [main] INFO StandardService:173 - Starting service [Tomcat]
2020-03-25 15:42:55,885 [main] INFO StandardEngine:173 - Starting Servlet engine: [Apache Tomcat/9.0.22]
2020-03-25 15:42:55,977 [main] INFO [/dongfeng]:173 - Initializing Spring embedded WebApplicationContext
2020-03-25 15:42:55,978 [main] INFO ContextLoader:284 - Root WebApplicationContext: initialization completed in 1622 ms
2020-03-25 15:42:56,829 [main] INFO ThreadPoolTaskExecutor:171 - Initializing ExecutorService 'applicationTaskExecutor'
2020-03-25 15:42:56,934 [main] INFO WelcomePageHandlerMapping:58 - Adding welcome page template: index
2020-03-25 15:42:57,127 [DagFetchHelper#dagFetchThread] INFO DruidDataSource:1003 - {dataSource-1} inited
2020-03-25 15:42:57,132 [DagFetchHelper#dagFetchThread] INFO ScheduleServiceFacade:68 - fetch时间:2020年3月25日15时42分57秒
2020-03-25 15:42:57,206 [DagFetchHelper#dagFetchThread] INFO DagFetchHelper:49 - dagFetchThread ## fetch dag list:[]
2020-03-25 15:42:57,324 [main] INFO Http11NioProtocol:173 - Starting ProtocolHandler ["http-nio-8080"]
2020-03-25 15:42:57,361 [main] INFO TomcatWebServer:202 - Tomcat started on port(s): 8080 (http) with context path '/dongfeng'
2020-03-25 15:42:57,366 [main] INFO DongfengCenterApplication:59 - Started DongfengCenterApplication in 4.134 seconds (JVM running for 5.088)
2020-03-25 15:43:27,211 [DagFetchHelper#dagFetchThread] INFO ScheduleServiceFacade:68 - fetch时间:2020年3月25日15时43分27秒
2020-03-25 15:43:27,214 [DagFetchHelper#dagFetchThread] INFO DagFetchHelper:49 - dagFetchThread ## fetch dag list:[]
2020-03-25 15:43:57,216 [DagFetchHelper#dagFetchThread] INFO ScheduleServiceFacade:68 - fetch时间:2020年3月25日15时43分57秒
2020-03-25 15:43:57,219 [DagFetchHelper#dagFetchThread] INFO DagFetchHelper:49 - dagFetchThread ## fetch dag list:[]
2020-03-25 15:44:27,225 [DagFetchHelper#dagFetchThread] INFO ScheduleServiceFacade:68 - fetch时间:2020年3月25日15时44分27秒
2020-03-25 15:44:27,228 [DagFetchHelper#dagFetchThread] INFO DagFetchHelper:49 - dagFetchThread ## fetch dag list:[]
2020-03-25 15:44:57,232 [DagFetchHelper#dagFetchThread] INFO ScheduleServiceFacade:68 - fetch时间:2020年3月25日15时44分57秒
2020-03-25 15:44:57,235 [DagFetchHelper#dagFetchThread] INFO DagFetchHelper:49 - dagFetchThread ## fetch dag list:[]
2020-03-25 15:45:27,237 [DagFetchHelper#dagFetchThread] INFO ScheduleServiceFacade:68 - fetch时间:2020年3月25日15时45分27秒
2020-03-25 15:45:27,241 [DagFetchHelper#dagFetchThread] INFO DagFetchHelper:49 - dagFetchThread ## fetch dag list:[]
2020-03-25 15:45:34,755 [Thread-16] INFO ThreadPoolTaskExecutor:208 - Shutting down ExecutorService 'applicationTaskExecutor'
2020-03-25 15:45:34,792 [Thread-16] INFO DruidDataSource:1948 - {dataSource-1} closing ...
2020-03-25 15:45:34,798 [Thread-16] INFO DruidDataSource:2020 - {dataSource-1} closed
2020-03-25 15:45:40,274 [main] INFO DongfengCenterApplication:50 - Starting DongfengCenterApplication on localhost with PID 44691 (/Users/simbahjf/IdeaProjects/dongfeng/dongfeng-center/target/classes started by simbahjf in /Users/simbahjf/IdeaProjects/dongfeng)
2020-03-25 15:45:40,333 [main] INFO DongfengCenterApplication:647 - No active profile set, falling back to default profiles: default
2020-03-25 15:45:41,404 [main] INFO RepositoryConfigurationDelegate:244 - Multiple Spring Data modules found, entering strict repository configuration mode!
2020-03-25 15:45:41,407 [main] INFO RepositoryConfigurationDelegate:126 - Bootstrapping Spring Data repositories in DEFAULT mode.
2020-03-25 15:45:41,440 [main] INFO RepositoryConfigurationDelegate:182 - Finished Spring Data repository scanning in 19ms. Found 0 repository interfaces.
2020-03-25 15:45:41,779 [main] INFO PostProcessorRegistrationDelegate$BeanPostProcessorChecker:330 - Bean 'org.springframework.transaction.annotation.ProxyTransactionManagementConfiguration' of type [org.springframework.transaction.annotation.ProxyTransactionManagementConfiguration$$EnhancerBySpringCGLIB$$48940d6e] is not eligible for getting processed by all BeanPostProcessors (for example: not eligible for auto-proxying)
2020-03-25 15:45:42,086 [main] INFO TomcatWebServer:90 - Tomcat initialized with port(s): 8080 (http)
2020-03-25 15:45:42,097 [main] INFO Http11NioProtocol:173 - Initializing ProtocolHandler ["http-nio-8080"]
2020-03-25 15:45:42,104 [main] INFO StandardService:173 - Starting service [Tomcat]
2020-03-25 15:45:42,104 [main] INFO StandardEngine:173 - Starting Servlet engine: [Apache Tomcat/9.0.22]
2020-03-25 15:45:42,191 [main] INFO [/dongfeng]:173 - Initializing Spring embedded WebApplicationContext
2020-03-25 15:45:42,191 [main] INFO ContextLoader:284 - Root WebApplicationContext: initialization completed in 1681 ms
2020-03-25 15:45:43,018 [main] INFO ThreadPoolTaskExecutor:171 - Initializing ExecutorService 'applicationTaskExecutor'
2020-03-25 15:45:43,115 [main] INFO WelcomePageHandlerMapping:58 - Adding welcome page template: index
2020-03-25 15:45:43,263 [ExpireLogClearHelper#expireLogClearThread] INFO DruidDataSource:1003 - {dataSource-1} inited
2020-03-25 15:45:43,267 [DagFetchHelper#dagFetchThread] INFO ScheduleServiceFacade:68 - fetch时间:2020年3月25日15时45分43秒
2020-03-25 15:45:43,337 [DagFetchHelper#dagFetchThread] INFO DagFetchHelper:49 - dagFetchThread ## fetch dag list:[]
2020-03-25 15:45:43,479 [main] INFO Http11NioProtocol:173 - Starting ProtocolHandler ["http-nio-8080"]
2020-03-25 15:45:43,522 [main] INFO TomcatWebServer:202 - Tomcat started on port(s): 8080 (http) with context path '/dongfeng'
2020-03-25 15:45:43,526 [main] INFO DongfengCenterApplication:59 - Started DongfengCenterApplication in 3.96 seconds (JVM running for 5.014)
2020-03-25 15:46:13,343 [DagFetchHelper#dagFetchThread] INFO ScheduleServiceFacade:68 - fetch时间:2020年3月25日15时46分13秒
2020-03-25 15:46:13,347 [DagFetchHelper#dagFetchThread] INFO DagFetchHelper:49 - dagFetchThread ## fetch dag list:[]
2020-03-25 15:46:43,354 [DagFetchHelper#dagFetchThread] INFO ScheduleServiceFacade:68 - fetch时间:2020年3月25日15时46分43秒
2020-03-25 15:46:43,357 [DagFetchHelper#dagFetchThread] INFO DagFetchHelper:49 - dagFetchThread ## fetch dag list:[]
2020-03-25 15:47:13,363 [DagFetchHelper#dagFetchThread] INFO ScheduleServiceFacade:68 - fetch时间:2020年3月25日15时47分13秒
2020-03-25 15:47:13,367 [DagFetchHelper#dagFetchThread] INFO DagFetchHelper:49 - dagFetchThread ## fetch dag list:[]
2020-03-25 15:47:43,374 [DagFetchHelper#dagFetchThread] INFO ScheduleServiceFacade:68 - fetch时间:2020年3月25日15时47分43秒
2020-03-25 15:47:43,379 [DagFetchHelper#dagFetchThread] INFO DagFetchHelper:49 - dagFetchThread ## fetch dag list:[]
2020-03-25 15:48:13,385 [DagFetchHelper#dagFetchThread] INFO ScheduleServiceFacade:68 - fetch时间:2020年3月25日15时48分13秒
2020-03-25 15:48:13,389 [DagFetchHelper#dagFetchThread] INFO DagFetchHelper:49 - dagFetchThread ## fetch dag list:[]
2020-03-25 15:48:20,039 [http-nio-8080-exec-1] INFO [/dongfeng]:173 - Initializing Spring DispatcherServlet 'dispatcherServlet'
2020-03-25 15:48:20,039 [http-nio-8080-exec-1] INFO DispatcherServlet:524 - Initializing Servlet 'dispatcherServlet'
2020-03-25 15:48:20,046 [http-nio-8080-exec-1] INFO DispatcherServlet:546 - Completed initialization in 5 ms
2020-03-25 15:48:24,306 [http-nio-8080-exec-7] INFO DongfengCenterAdminController:61 - recv manualTrigger.dagId:7,manualTriggerDagParam:
2020-03-25 15:48:24,310 [DagScheduleHelper#dagScheduleThread] INFO DagScheduleHelper:52 - dagScheduleThread ## dagQueue head dag:DagDto{id=7, dagName='ttttt', dagGroup='ttttt', dagCron='0 0 0 * * ?', status=1, triggerTime=null, param='', alarm='hujunfei@kanzhun.com', triggerType=2}
2020-03-25 15:48:25,280 [DagScheduleHelper#dagScheduleThread] INFO AlarmUtils:64 - send message to alarm succeed!, response={"status": "ok", "msg": ["sms{\"code\": 0, \"success\": true, \"invalid\": false, \"failed\": false, \"transferToSingle\": false, \"msg\": \"\\u52a0\\u5165\\u961f\\u5217\\u6210\\u529f\"}", "email{\"status\": \"ok\", \"msg\": \"\\u6210\\u529f\\u52a0\\u5165\\u90ae\\u4ef6\\u961f\\u5217\"}", "bosshi{\"status\": \"ok\", \"msg\": {\"msg\": \"\\u6210\\u529f\", \"code\": 0}}"]}
2020-03-25 15:48:43,391 [DagFetchHelper#dagFetchThread] INFO ScheduleServiceFacade:68 - fetch时间:2020年3月25日15时48分43秒
2020-03-25 15:48:43,395 [DagFetchHelper#dagFetchThread] INFO DagFetchHelper:49 - dagFetchThread ## fetch dag list:[]
2020-03-25 15:49:13,398 [DagFetchHelper#dagFetchThread] INFO ScheduleServiceFacade:68 - fetch时间:2020年3月25日15时49分13秒
2020-03-25 15:49:13,401 [DagFetchHelper#dagFetchThread] INFO DagFetchHelper:49 - dagFetchThread ## fetch dag list:[]
2020-03-25 15:49:43,408 [DagFetchHelper#dagFetchThread] INFO ScheduleServiceFacade:68 - fetch时间:2020年3月25日15时49分43秒
2020-03-25 15:49:43,411 [DagFetchHelper#dagFetchThread] INFO DagFetchHelper:49 - dagFetchThread ## fetch dag list:[]
2020-03-25 15:50:13,418 [DagFetchHelper#dagFetchThread] INFO ScheduleServiceFacade:68 - fetch时间:2020年3月25日15时50分13秒
2020-03-25 15:50:13,421 [DagFetchHelper#dagFetchThread] INFO DagFetchHelper:49 - dagFetchThread ## fetch dag list:[]
2020-03-25 15:50:43,428 [DagFetchHelper#dagFetchThread] INFO ScheduleServiceFacade:68 - fetch时间:2020年3月25日15时50分43秒
2020-03-25 15:50:43,433 [DagFetchHelper#dagFetchThread] INFO DagFetchHelper:49 - dagFetchThread ## fetch dag list:[]
2020-03-25 15:51:13,438 [DagFetchHelper#dagFetchThread] INFO ScheduleServiceFacade:68 - fetch时间:2020年3月25日15时51分13秒
2020-03-25 15:51:13,441 [DagFetchHelper#dagFetchThread] INFO DagFetchHelper:49 - dagFetchThread ## fetch dag list:[]
2020-03-25 15:51:43,444 [DagFetchHelper#dagFetchThread] INFO ScheduleServiceFacade:68 - fetch时间:2020年3月25日15时51分43秒
2020-03-25 15:51:43,447 [DagFetchHelper#dagFetchThread] INFO DagFetchHelper:49 - dagFetchThread ## fetch dag list:[]
2020-03-25 15:52:13,453 [DagFetchHelper#dagFetchThread] INFO ScheduleServiceFacade:68 - fetch时间:2020年3月25日15时52分13秒
2020-03-25 15:52:13,456 [DagFetchHelper#dagFetchThread] INFO DagFetchHelper:49 - dagFetchThread ## fetch dag list:[]
2020-03-25 15:52:43,463 [DagFetchHelper#dagFetchThread] INFO ScheduleServiceFacade:68 - fetch时间:2020年3月25日15时52分43秒
2020-03-25 15:52:43,466 [DagFetchHelper#dagFetchThread] INFO DagFetchHelper:49 - dagFetchThread ## fetch dag list:[]
2020-03-25 15:53:13,473 [DagFetchHelper#dagFetchThread] INFO ScheduleServiceFacade:68 - fetch时间:2020年3月25日15时53分13秒
2020-03-25 15:53:13,476 [DagFetchHelper#dagFetchThread] INFO DagFetchHelper:49 - dagFetchThread ## fetch dag list:[]
2020-03-25 15:53:43,481 [DagFetchHelper#dagFetchThread] INFO ScheduleServiceFacade:68 - fetch时间:2020年3月25日15时53分43秒
2020-03-25 15:53:43,483 [DagFetchHelper#dagFetchThread] INFO DagFetchHelper:49 - dagFetchThread ## fetch dag list:[]
2020-03-25 15:54:13,488 [DagFetchHelper#dagFetchThread] INFO ScheduleServiceFacade:68 - fetch时间:2020年3月25日15时54分13秒
2020-03-25 15:54:13,491 [DagFetchHelper#dagFetchThread] INFO DagFetchHelper:49 - dagFetchThread ## fetch dag list:[]
2020-03-25 15:54:43,493 [DagFetchHelper#dagFetchThread] INFO ScheduleServiceFacade:68 - fetch时间:2020年3月25日15时54分43秒
2020-03-25 15:54:43,496 [DagFetchHelper#dagFetchThread] INFO DagFetchHelper:49 - dagFetchThread ## fetch dag list:[]
2020-03-25 15:55:13,503 [DagFetchHelper#dagFetchThread] INFO ScheduleServiceFacade:68 - fetch时间:2020年3月25日15时55分13秒
2020-03-25 15:55:13,506 [DagFetchHelper#dagFetchThread] INFO DagFetchHelper:49 - dagFetchThread ## fetch dag list:[]
2020-03-25 15:55:43,512 [DagFetchHelper#dagFetchThread] INFO ScheduleServiceFacade:68 - fetch时间:2020年3月25日15时55分43秒
2020-03-25 15:55:43,515 [DagFetchHelper#dagFetchThread] INFO DagFetchHelper:49 - dagFetchThread ## fetch dag list:[]
2020-03-25 15:56:13,520 [DagFetchHelper#dagFetchThread] INFO ScheduleServiceFacade:68 - fetch时间:2020年3月25日15时56分13秒
2020-03-25 15:56:13,523 [DagFetchHelper#dagFetchThread] INFO DagFetchHelper:49 - dagFetchThread ## fetch dag list:[]
2020-03-25 15:56:43,530 [DagFetchHelper#dagFetchThread] INFO ScheduleServiceFacade:68 - fetch时间:2020年3月25日15时56分43秒
2020-03-25 15:56:43,533 [DagFetchHelper#dagFetchThread] INFO DagFetchHelper:49 - dagFetchThread ## fetch dag list:[]
2020-03-25 15:57:13,540 [DagFetchHelper#dagFetchThread] INFO ScheduleServiceFacade:68 - fetch时间:2020年3月25日15时57分13秒
2020-03-25 15:57:13,543 [DagFetchHelper#dagFetchThread] INFO DagFetchHelper:49 - dagFetchThread ## fetch dag list:[]
2020-03-25 15:57:43,548 [DagFetchHelper#dagFetchThread] INFO ScheduleServiceFacade:68 - fetch时间:2020年3月25日15时57分43秒
2020-03-25 15:57:43,551 [DagFetchHelper#dagFetchThread] INFO DagFetchHelper:49 - dagFetchThread ## fetch dag list:[]
2020-03-25 15:58:13,557 [DagFetchHelper#dagFetchThread] INFO ScheduleServiceFacade:68 - fetch时间:2020年3月25日15时58分13秒
2020-03-25 15:58:13,559 [DagFetchHelper#dagFetchThread] INFO DagFetchHelper:49 - dagFetchThread ## fetch dag list:[]
2020-03-25 15:58:43,560 [DagFetchHelper#dagFetchThread] INFO ScheduleServiceFacade:68 - fetch时间:2020年3月25日15时58分43秒
2020-03-25 15:58:43,563 [DagFetchHelper#dagFetchThread] INFO DagFetchHelper:49 - dagFetchThread ## fetch dag list:[]
2020-03-25 15:59:13,569 [DagFetchHelper#dagFetchThread] INFO ScheduleServiceFacade:68 - fetch时间:2020年3月25日15时59分13秒
2020-03-25 15:59:13,573 [DagFetchHelper#dagFetchThread] INFO DagFetchHelper:49 - dagFetchThread ## fetch dag list:[]
2020-03-25 15:59:43,578 [DagFetchHelper#dagFetchThread] INFO ScheduleServiceFacade:68 - fetch时间:2020年3月25日15时59分43秒
2020-03-25 15:59:43,581 [DagFetchHelper#dagFetchThread] INFO DagFetchHelper:49 - dagFetchThread ## fetch dag list:[]
2020-03-25 16:00:13,587 [DagFetchHelper#dagFetchThread] INFO ScheduleServiceFacade:68 - fetch时间:2020年3月25日16时0分13秒
2020-03-25 16:00:13,591 [DagFetchHelper#dagFetchThread] INFO DagFetchHelper:49 - dagFetchThread ## fetch dag list:[]
2020-03-25 16:00:43,596 [DagFetchHelper#dagFetchThread] INFO ScheduleServiceFacade:68 - fetch时间:2020年3月25日16时0分43秒
2020-03-25 16:00:43,599 [DagFetchHelper#dagFetchThread] INFO DagFetchHelper:49 - dagFetchThread ## fetch dag list:[]
2020-03-25 16:01:13,602 [DagFetchHelper#dagFetchThread] INFO ScheduleServiceFacade:68 - fetch时间:2020年3月25日16时1分13秒
2020-03-25 16:01:13,605 [DagFetchHelper#dagFetchThread] INFO DagFetchHelper:49 - dagFetchThread ## fetch dag list:[]
2020-03-25 16:01:43,613 [DagFetchHelper#dagFetchThread] INFO ScheduleServiceFacade:68 - fetch时间:2020年3月25日16时1分43秒
2020-03-25 16:01:43,616 [DagFetchHelper#dagFetchThread] INFO DagFetchHelper:49 - dagFetchThread ## fetch dag list:[]
2020-03-25 16:02:13,621 [DagFetchHelper#dagFetchThread] INFO ScheduleServiceFacade:68 - fetch时间:2020年3月25日16时2分13秒
2020-03-25 16:02:13,625 [DagFetchHelper#dagFetchThread] INFO DagFetchHelper:49 - dagFetchThread ## fetch dag list:[]
2020-03-25 16:02:43,632 [DagFetchHelper#dagFetchThread] INFO ScheduleServiceFacade:68 - fetch时间:2020年3月25日16时2分43秒
2020-03-25 16:02:43,634 [DagFetchHelper#dagFetchThread] INFO DagFetchHelper:49 - dagFetchThread ## fetch dag list:[]
2020-03-25 16:03:13,640 [DagFetchHelper#dagFetchThread] INFO ScheduleServiceFacade:68 - fetch时间:2020年3月25日16时3分13秒
2020-03-25 16:03:13,644 [DagFetchHelper#dagFetchThread] INFO DagFetchHelper:49 - dagFetchThread ## fetch dag list:[]
2020-03-25 16:03:43,649 [DagFetchHelper#dagFetchThread] INFO ScheduleServiceFacade:68 - fetch时间:2020年3月25日16时3分43秒
2020-03-25 16:03:43,652 [DagFetchHelper#dagFetchThread] INFO DagFetchHelper:49 - dagFetchThread ## fetch dag list:[]
2020-03-25 16:04:13,654 [DagFetchHelper#dagFetchThread] INFO ScheduleServiceFacade:68 - fetch时间:2020年3月25日16时4分13秒
2020-03-25 16:04:13,658 [DagFetchHelper#dagFetchThread] INFO DagFetchHelper:49 - dagFetchThread ## fetch dag list:[]
2020-03-25 16:04:43,661 [DagFetchHelper#dagFetchThread] INFO ScheduleServiceFacade:68 - fetch时间:2020年3月25日16时4分43秒
2020-03-25 16:04:43,665 [DagFetchHelper#dagFetchThread] INFO DagFetchHelper:49 - dagFetchThread ## fetch dag list:[]
2020-03-25 16:05:13,671 [DagFetchHelper#dagFetchThread] INFO ScheduleServiceFacade:68 - fetch时间:2020年3月25日16时5分13秒
2020-03-25 16:05:13,674 [DagFetchHelper#dagFetchThread] INFO DagFetchHelper:49 - dagFetchThread ## fetch dag list:[]
2020-03-25 16:05:43,680 [DagFetchHelper#dagFetchThread] INFO ScheduleServiceFacade:68 - fetch时间:2020年3月25日16时5分43秒
2020-03-25 16:05:43,683 [DagFetchHelper#dagFetchThread] INFO DagFetchHelper:49 - dagFetchThread ## fetch dag list:[]
2020-03-25 16:06:13,689 [DagFetchHelper#dagFetchThread] INFO ScheduleServiceFacade:68 - fetch时间:2020年3月25日16时6分13秒
2020-03-25 16:06:13,691 [DagFetchHelper#dagFetchThread] INFO DagFetchHelper:49 - dagFetchThread ## fetch dag list:[]
2020-03-25 16:06:43,696 [DagFetchHelper#dagFetchThread] INFO ScheduleServiceFacade:68 - fetch时间:2020年3月25日16时6分43秒
2020-03-25 16:06:43,700 [DagFetchHelper#dagFetchThread] INFO DagFetchHelper:49 - dagFetchThread ## fetch dag list:[]
2020-03-25 16:07:13,703 [DagFetchHelper#dagFetchThread] INFO ScheduleServiceFacade:68 - fetch时间:2020年3月25日16时7分13秒
2020-03-25 16:07:13,705 [DagFetchHelper#dagFetchThread] INFO DagFetchHelper:49 - dagFetchThread ## fetch dag list:[]
2020-03-25 16:07:43,711 [DagFetchHelper#dagFetchThread] INFO ScheduleServiceFacade:68 - fetch时间:2020年3月25日16时7分43秒
2020-03-25 16:07:43,714 [DagFetchHelper#dagFetchThread] INFO DagFetchHelper:49 - dagFetchThread ## fetch dag list:[]
2020-03-25 16:08:13,718 [DagFetchHelper#dagFetchThread] INFO ScheduleServiceFacade:68 - fetch时间:2020年3月25日16时8分13秒
2020-03-25 16:08:13,723 [DagFetchHelper#dagFetchThread] INFO DagFetchHelper:49 - dagFetchThread ## fetch dag list:[]
2020-03-25 16:08:43,728 [DagFetchHelper#dagFetchThread] INFO ScheduleServiceFacade:68 - fetch时间:2020年3月25日16时8分43秒
2020-03-25 16:08:43,732 [DagFetchHelper#dagFetchThread] INFO DagFetchHelper:49 - dagFetchThread ## fetch dag list:[]
2020-03-25 16:09:13,737 [DagFetchHelper#dagFetchThread] INFO ScheduleServiceFacade:68 - fetch时间:2020年3月25日16时9分13秒
2020-03-25 16:09:13,740 [DagFetchHelper#dagFetchThread] INFO DagFetchHelper:49 - dagFetchThread ## fetch dag list:[]
2020-03-25 16:09:43,745 [DagFetchHelper#dagFetchThread] INFO ScheduleServiceFacade:68 - fetch时间:2020年3月25日16时9分43秒
2020-03-25 16:09:43,748 [DagFetchHelper#dagFetchThread] INFO DagFetchHelper:49 - dagFetchThread ## fetch dag list:[]
2020-03-25 16:10:13,751 [DagFetchHelper#dagFetchThread] INFO ScheduleServiceFacade:68 - fetch时间:2020年3月25日16时10分13秒
2020-03-25 16:10:13,754 [DagFetchHelper#dagFetchThread] INFO DagFetchHelper:49 - dagFetchThread ## fetch dag list:[]
2020-03-25 16:10:43,760 [DagFetchHelper#dagFetchThread] INFO ScheduleServiceFacade:68 - fetch时间:2020年3月25日16时10分43秒
2020-03-25 16:10:43,763 [DagFetchHelper#dagFetchThread] INFO DagFetchHelper:49 - dagFetchThread ## fetch dag list:[]
2020-03-25 16:11:13,769 [DagFetchHelper#dagFetchThread] INFO ScheduleServiceFacade:68 - fetch时间:2020年3月25日16时11分13秒
2020-03-25 16:11:13,772 [DagFetchHelper#dagFetchThread] INFO DagFetchHelper:49 - dagFetchThread ## fetch dag list:[]
2020-03-25 16:11:43,777 [DagFetchHelper#dagFetchThread] INFO ScheduleServiceFacade:68 - fetch时间:2020年3月25日16时11分43秒
2020-03-25 16:11:43,780 [DagFetchHelper#dagFetchThread] INFO DagFetchHelper:49 - dagFetchThread ## fetch dag list:[]
2020-03-25 16:12:13,785 [DagFetchHelper#dagFetchThread] INFO ScheduleServiceFacade:68 - fetch时间:2020年3月25日16时12分13秒
2020-03-25 16:12:13,788 [DagFetchHelper#dagFetchThread] INFO DagFetchHelper:49 - dagFetchThread ## fetch dag list:[]
2020-03-25 16:12:43,790 [DagFetchHelper#dagFetchThread] INFO ScheduleServiceFacade:68 - fetch时间:2020年3月25日16时12分43秒
2020-03-25 16:12:43,793 [DagFetchHelper#dagFetchThread] INFO DagFetchHelper:49 - dagFetchThread ## fetch dag list:[]
2020-03-25 16:13:13,797 [DagFetchHelper#dagFetchThread] INFO ScheduleServiceFacade:68 - fetch时间:2020年3月25日16时13分13秒
2020-03-25 16:13:13,799 [DagFetchHelper#dagFetchThread] INFO DagFetchHelper:49 - dagFetchThread ## fetch dag list:[]
2020-03-25 16:13:43,804 [DagFetchHelper#dagFetchThread] INFO ScheduleServiceFacade:68 - fetch时间:2020年3月25日16时13分43秒
2020-03-25 16:13:43,807 [DagFetchHelper#dagFetchThread] INFO DagFetchHelper:49 - dagFetchThread ## fetch dag list:[]
2020-03-25 16:14:13,810 [DagFetchHelper#dagFetchThread] INFO ScheduleServiceFacade:68 - fetch时间:2020年3月25日16时14分13秒
2020-03-25 16:14:13,813 [DagFetchHelper#dagFetchThread] INFO DagFetchHelper:49 - dagFetchThread ## fetch dag list:[]
2020-03-25 16:14:43,816 [DagFetchHelper#dagFetchThread] INFO ScheduleServiceFacade:68 - fetch时间:2020年3月25日16时14分43秒
2020-03-25 16:14:43,819 [DagFetchHelper#dagFetchThread] INFO DagFetchHelper:49 - dagFetchThread ## fetch dag list:[]
2020-03-25 16:15:13,827 [DagFetchHelper#dagFetchThread] INFO ScheduleServiceFacade:68 - fetch时间:2020年3月25日16时15分13秒
2020-03-25 16:15:13,829 [DagFetchHelper#dagFetchThread] INFO DagFetchHelper:49 - dagFetchThread ## fetch dag list:[]
2020-03-25 16:15:43,840 [DagFetchHelper#dagFetchThread] INFO ScheduleServiceFacade:68 - fetch时间:2020年3月25日16时15分43秒
2020-03-25 16:15:43,843 [DagFetchHelper#dagFetchThread] INFO DagFetchHelper:49 - dagFetchThread ## fetch dag list:[]
2020-03-25 16:16:13,850 [DagFetchHelper#dagFetchThread] INFO ScheduleServiceFacade:68 - fetch时间:2020年3月25日16时16分13秒
2020-03-25 16:16:13,853 [DagFetchHelper#dagFetchThread] INFO DagFetchHelper:49 - dagFetchThread ## fetch dag list:[]
2020-03-25 16:16:43,859 [DagFetchHelper#dagFetchThread] INFO ScheduleServiceFacade:68 - fetch时间:2020年3月25日16时16分43秒
2020-03-25 16:16:43,861 [DagFetchHelper#dagFetchThread] INFO DagFetchHelper:49 - dagFetchThread ## fetch dag list:[]
2020-03-25 16:17:13,873 [DagFetchHelper#dagFetchThread] INFO ScheduleServiceFacade:68 - fetch时间:2020年3月25日16时17分13秒
2020-03-25 16:17:13,876 [DagFetchHelper#dagFetchThread] INFO DagFetchHelper:49 - dagFetchThread ## fetch dag list:[]
2020-03-25 16:17:43,882 [DagFetchHelper#dagFetchThread] INFO ScheduleServiceFacade:68 - fetch时间:2020年3月25日16时17分43秒
2020-03-25 16:17:43,885 [DagFetchHelper#dagFetchThread] INFO DagFetchHelper:49 - dagFetchThread ## fetch dag list:[]
2020-03-25 16:18:13,894 [DagFetchHelper#dagFetchThread] INFO ScheduleServiceFacade:68 - fetch时间:2020年3月25日16时18分13秒
2020-03-25 16:18:13,896 [DagFetchHelper#dagFetchThread] INFO DagFetchHelper:49 - dagFetchThread ## fetch dag list:[]
2020-03-25 16:18:43,906 [DagFetchHelper#dagFetchThread] INFO ScheduleServiceFacade:68 - fetch时间:2020年3月25日16时18分43秒
2020-03-25 16:18:43,909 [DagFetchHelper#dagFetchThread] INFO DagFetchHelper:49 - dagFetchThread ## fetch dag list:[]
2020-03-25 16:19:13,915 [DagFetchHelper#dagFetchThread] INFO ScheduleServiceFacade:68 - fetch时间:2020年3月25日16时19分13秒
2020-03-25 16:19:13,917 [DagFetchHelper#dagFetchThread] INFO DagFetchHelper:49 - dagFetchThread ## fetch dag list:[]
2020-03-25 16:19:43,918 [DagFetchHelper#dagFetchThread] INFO ScheduleServiceFacade:68 - fetch时间:2020年3月25日16时19分43秒
2020-03-25 16:19:43,921 [DagFetchHelper#dagFetchThread] INFO DagFetchHelper:49 - dagFetchThread ## fetch dag list:[]
2020-03-25 16:20:13,923 [DagFetchHelper#dagFetchThread] INFO ScheduleServiceFacade:68 - fetch时间:2020年3月25日16时20分13秒
2020-03-25 16:20:13,925 [DagFetchHelper#dagFetchThread] INFO DagFetchHelper:49 - dagFetchThread ## fetch dag list:[]
2020-03-25 16:20:43,928 [DagFetchHelper#dagFetchThread] INFO ScheduleServiceFacade:68 - fetch时间:2020年3月25日16时20分43秒
2020-03-25 16:20:43,930 [DagFetchHelper#dagFetchThread] INFO DagFetchHelper:49 - dagFetchThread ## fetch dag list:[]
2020-03-25 16:21:13,934 [DagFetchHelper#dagFetchThread] INFO ScheduleServiceFacade:68 - fetch时间:2020年3月25日16时21分13秒
2020-03-25 16:21:13,937 [DagFetchHelper#dagFetchThread] INFO DagFetchHelper:49 - dagFetchThread ## fetch dag list:[]
2020-03-25 16:21:43,944 [DagFetchHelper#dagFetchThread] INFO ScheduleServiceFacade:68 - fetch时间:2020年3月25日16时21分43秒
2020-03-25 16:21:43,946 [DagFetchHelper#dagFetchThread] INFO DagFetchHelper:49 - dagFetchThread ## fetch dag list:[]
2020-03-25 16:22:13,953 [DagFetchHelper#dagFetchThread] INFO ScheduleServiceFacade:68 - fetch时间:2020年3月25日16时22分13秒
2020-03-25 16:22:13,956 [DagFetchHelper#dagFetchThread] INFO DagFetchHelper:49 - dagFetchThread ## fetch dag list:[]
2020-03-25 16:22:43,961 [DagFetchHelper#dagFetchThread] INFO ScheduleServiceFacade:68 - fetch时间:2020年3月25日16时22分43秒
2020-03-25 16:22:43,964 [DagFetchHelper#dagFetchThread] INFO DagFetchHelper:49 - dagFetchThread ## fetch dag list:[]
2020-03-25 16:23:13,971 [DagFetchHelper#dagFetchThread] INFO ScheduleServiceFacade:68 - fetch时间:2020年3月25日16时23分13秒
2020-03-25 16:23:13,975 [DagFetchHelper#dagFetchThread] INFO DagFetchHelper:49 - dagFetchThread ## fetch dag list:[]
2020-03-25 16:23:43,980 [DagFetchHelper#dagFetchThread] INFO ScheduleServiceFacade:68 - fetch时间:2020年3月25日16时23分43秒
2020-03-25 16:23:43,984 [DagFetchHelper#dagFetchThread] INFO DagFetchHelper:49 - dagFetchThread ## fetch dag list:[]
2020-03-25 16:24:13,989 [DagFetchHelper#dagFetchThread] INFO ScheduleServiceFacade:68 - fetch时间:2020年3月25日16时24分13秒
2020-03-25 16:24:13,992 [DagFetchHelper#dagFetchThread] INFO DagFetchHelper:49 - dagFetchThread ## fetch dag list:[]
2020-03-25 16:24:43,996 [DagFetchHelper#dagFetchThread] INFO ScheduleServiceFacade:68 - fetch时间:2020年3月25日16时24分43秒
2020-03-25 16:24:44,000 [DagFetchHelper#dagFetchThread] INFO DagFetchHelper:49 - dagFetchThread ## fetch dag list:[]
2020-03-25 16:25:14,005 [DagFetchHelper#dagFetchThread] INFO ScheduleServiceFacade:68 - fetch时间:2020年3月25日16时25分14秒
2020-03-25 16:25:14,008 [DagFetchHelper#dagFetchThread] INFO DagFetchHelper:49 - dagFetchThread ## fetch dag list:[]
2020-03-25 16:25:44,010 [DagFetchHelper#dagFetchThread] INFO ScheduleServiceFacade:68 - fetch时间:2020年3月25日16时25分44秒
2020-03-25 16:25:44,012 [DagFetchHelper#dagFetchThread] INFO DagFetchHelper:49 - dagFetchThread ## fetch dag list:[]
2020-03-25 16:26:14,015 [DagFetchHelper#dagFetchThread] INFO ScheduleServiceFacade:68 - fetch时间:2020年3月25日16时26分14秒
2020-03-25 16:26:14,020 [DagFetchHelper#dagFetchThread] INFO DagFetchHelper:49 - dagFetchThread ## fetch dag list:[]
2020-03-25 16:26:44,024 [DagFetchHelper#dagFetchThread] INFO ScheduleServiceFacade:68 - fetch时间:2020年3月25日16时26分44秒
2020-03-25 16:26:44,026 [DagFetchHelper#dagFetchThread] INFO DagFetchHelper:49 - dagFetchThread ## fetch dag list:[]
2020-03-25 16:27:14,033 [DagFetchHelper#dagFetchThread] INFO ScheduleServiceFacade:68 - fetch时间:2020年3月25日16时27分14秒
2020-03-25 16:27:14,035 [DagFetchHelper#dagFetchThread] INFO DagFetchHelper:49 - dagFetchThread ## fetch dag list:[]
2020-03-25 16:27:44,042 [DagFetchHelper#dagFetchThread] INFO ScheduleServiceFacade:68 - fetch时间:2020年3月25日16时27分44秒
2020-03-25 16:27:44,045 [DagFetchHelper#dagFetchThread] INFO DagFetchHelper:49 - dagFetchThread ## fetch dag list:[]
2020-03-25 16:28:14,051 [DagFetchHelper#dagFetchThread] INFO ScheduleServiceFacade:68 - fetch时间:2020年3月25日16时28分14秒
2020-03-25 16:28:14,054 [DagFetchHelper#dagFetchThread] INFO DagFetchHelper:49 - dagFetchThread ## fetch dag list:[]
2020-03-25 16:28:44,060 [DagFetchHelper#dagFetchThread] INFO ScheduleServiceFacade:68 - fetch时间:2020年3月25日16时28分44秒
2020-03-25 16:28:44,062 [DagFetchHelper#dagFetchThread] INFO DagFetchHelper:49 - dagFetchThread ## fetch dag list:[]
2020-03-25 16:29:14,064 [DagFetchHelper#dagFetchThread] INFO ScheduleServiceFacade:68 - fetch时间:2020年3月25日16时29分14秒
2020-03-25 16:29:14,067 [DagFetchHelper#dagFetchThread] INFO DagFetchHelper:49 - dagFetchThread ## fetch dag list:[]
2020-03-25 16:29:44,073 [DagFetchHelper#dagFetchThread] INFO ScheduleServiceFacade:68 - fetch时间:2020年3月25日16时29分44秒
2020-03-25 16:29:44,075 [DagFetchHelper#dagFetchThread] INFO DagFetchHelper:49 - dagFetchThread ## fetch dag list:[]
2020-03-25 16:30:14,076 [DagFetchHelper#dagFetchThread] INFO ScheduleServiceFacade:68 - fetch时间:2020年3月25日16时30分14秒
2020-03-25 16:30:14,078 [DagFetchHelper#dagFetchThread] INFO DagFetchHelper:49 - dagFetchThread ## fetch dag list:[]
2020-03-25 16:30:44,080 [DagFetchHelper#dagFetchThread] INFO ScheduleServiceFacade:68 - fetch时间:2020年3月25日16时30分44秒
2020-03-25 16:30:44,083 [DagFetchHelper#dagFetchThread] INFO DagFetchHelper:49 - dagFetchThread ## fetch dag list:[]
2020-03-25 16:31:14,085 [DagFetchHelper#dagFetchThread] INFO ScheduleServiceFacade:68 - fetch时间:2020年3月25日16时31分14秒
2020-03-25 16:31:14,087 [DagFetchHelper#dagFetchThread] INFO DagFetchHelper:49 - dagFetchThread ## fetch dag list:[]
2020-03-25 16:31:44,090 [DagFetchHelper#dagFetchThread] INFO ScheduleServiceFacade:68 - fetch时间:2020年3月25日16时31分44秒
2020-03-25 16:31:44,092 [DagFetchHelper#dagFetchThread] INFO DagFetchHelper:49 - dagFetchThread ## fetch dag list:[]
2020-03-25 16:32:14,098 [DagFetchHelper#dagFetchThread] INFO ScheduleServiceFacade:68 - fetch时间:2020年3月25日16时32分14秒
2020-03-25 16:32:14,101 [DagFetchHelper#dagFetchThread] INFO DagFetchHelper:49 - dagFetchThread ## fetch dag list:[]
2020-03-25 16:32:44,106 [DagFetchHelper#dagFetchThread] INFO ScheduleServiceFacade:68 - fetch时间:2020年3月25日16时32分44秒
2020-03-25 16:32:44,109 [DagFetchHelper#dagFetchThread] INFO DagFetchHelper:49 - dagFetchThread ## fetch dag list:[]
2020-03-25 16:33:00,414 [Thread-16] INFO ThreadPoolTaskExecutor:208 - Shutting down ExecutorService 'applicationTaskExecutor'
2020-03-25 16:33:00,442 [Thread-16] INFO DruidDataSource:1948 - {dataSource-1} closing ...
2020-03-25 16:33:00,445 [Thread-16] INFO DruidDataSource:2020 - {dataSource-1} closed
